TN:
SF:contracts/AuctionUtils.sol
FN:13,AuctionUtils.min
FNDA:0,AuctionUtils.min
DA:14,0
DA:14,0
DA:14,0
FN:16,AuctionUtils.max
FNDA:0,AuctionUtils.max
DA:17,0
DA:17,0
DA:17,0
FN:20,AuctionUtils.finalize
FNDA:0,AuctionUtils.finalize
DA:21,0
DA:21,0
FN:24,AuctionUtils.activeWindow
FNDA:0,AuctionUtils.activeWindow
DA:29,0
DA:29,0
DA:29,0
DA:29,0
DA:30,0
DA:30,0
BRDA:30,0,0,-
BRDA:30,0,1,-
DA:30,0
DA:34,0
DA:34,0
DA:34,0
FN:40,AuctionUtils.getWindowNextBidBy
FNDA:0,AuctionUtils.getWindowNextBidBy
DA:41,0
DA:41,0
BRDA:41,1,0,-
BRDA:41,1,1,-
DA:41,0
DA:41,0
DA:46,0
DA:46,0
DA:47,0
DA:47,0
DA:47,0
FN:50,AuctionUtils.getNextBidBy
FNDA:0,AuctionUtils.getNextBidBy
DA:51,0
DA:51,0
DA:51,0
FN:54,AuctionUtils.isBiddingOpen
FNDA:0,AuctionUtils.isBiddingOpen
DA:56,0
BRDA:56,2,0,-
BRDA:56,2,1,-
DA:56,0
DA:59,0
DA:59,0
BRDA:59,3,0,-
BRDA:59,3,1,-
DA:59,0
DA:62,0
DA:62,0
DA:62,0
FN:64,AuctionUtils.validateBiddingOpen
FNDA:0,AuctionUtils.validateBiddingOpen
DA:65,0
DA:65,0
BRDA:65,4,0,-
BRDA:65,4,1,-
DA:65,0
FN:68,AuctionUtils.isEnded
FNDA:0,AuctionUtils.isEnded
DA:70,0
BRDA:70,5,0,-
BRDA:70,5,1,-
DA:70,0
DA:73,0
DA:73,0
BRDA:73,6,0,-
BRDA:73,6,1,-
DA:73,0
DA:76,0
DA:76,0
DA:76,0
FN:78,AuctionUtils.validateEnded
FNDA:0,AuctionUtils.validateEnded
DA:79,0
DA:79,0
BRDA:79,7,0,-
BRDA:79,7,1,-
DA:79,0
FN:82,AuctionUtils.addBidWindows
FNDA:0,AuctionUtils.addBidWindows
DA:83,0
DA:83,0
DA:84,0
DA:84,0
DA:84,0
DA:84,0
DA:85,0
DA:85,0
DA:85,0
DA:86,0
DA:86,0
BRDA:86,8,0,-
BRDA:86,8,1,-
DA:87,0
DA:87,0
DA:89,0
DA:89,0
DA:89,0
DA:90,0
DA:90,0
DA:98,0
DA:98,0
FN:104,AuctionUtils.addRewards
FNDA:0,AuctionUtils.addRewards
DA:105,0
DA:105,0
DA:107,0
DA:107,0
DA:107,0
DA:107,0
DA:108,0
DA:108,0
DA:111,0
DA:111,0
DA:111,0
DA:111,0
DA:112,0
DA:112,0
FN:116,AuctionUtils._transferLotTokenTo
FNDA:0,AuctionUtils._transferLotTokenTo
DA:117,0
DA:117,0
BRDA:117,9,0,-
BRDA:117,9,1,-
DA:118,0
BRDA:118,10,0,-
BRDA:118,10,1,-
DA:120,0
DA:120,0
DA:121,0
DA:121,0
DA:121,0
DA:122,0
DA:122,0
BRDA:122,11,0,-
BRDA:122,11,1,-
DA:122,0
DA:124,0
DA:124,0
DA:128,0
DA:128,0
FN:132,AuctionUtils.transferLotTo
FNDA:0,AuctionUtils.transferLotTo
DA:134,0
DA:134,0
DA:134,0
DA:134,0
DA:135,0
DA:135,0
DA:139,0
DA:139,0
DA:139,0
DA:139,0
DA:140,0
DA:140,0
FN:144,AuctionUtils.transferLotFrom
FNDA:0,AuctionUtils.transferLotFrom
DA:146,0
DA:146,0
DA:146,0
DA:146,0
DA:147,0
DA:147,0
DA:147,0
DA:148,0
DA:148,0
DA:151,0
DA:151,0
DA:151,0
DA:151,0
DA:152,0
DA:152,0
FN:158,AuctionUtils.distributeLotProfit
FNDA:0,AuctionUtils.distributeLotProfit
DA:167,0
DA:167,0
DA:167,0
DA:168,0
DA:168,0
DA:171,0
DA:171,0
DA:171,0
BRDA:171,12,0,-
BRDA:171,12,1,-
DA:172,0
DA:172,0
DA:173,0
DA:173,0
DA:178,0
DA:178,0
BRDA:178,13,0,-
BRDA:178,13,1,-
DA:179,0
DA:179,0
DA:180,0
DA:180,0
DA:180,0
DA:181,0
DA:181,0
BRDA:181,14,0,-
BRDA:181,14,1,-
DA:182,0
DA:182,0
DA:183,0
DA:183,0
DA:188,0
DA:188,0
BRDA:188,15,0,-
BRDA:188,15,1,-
DA:189,0
DA:189,0
FN:193,AuctionUtils.distributeLotRevenue
FNDA:0,AuctionUtils.distributeLotRevenue
DA:200,0
DA:200,0
DA:200,0
DA:201,0
DA:201,0
DA:202,0
DA:202,0
DA:205,0
DA:205,0
DA:205,0
BRDA:205,16,0,-
BRDA:205,16,1,-
DA:206,0
DA:206,0
DA:207,0
DA:207,0
DA:210,0
DA:210,0
DA:212,0
DA:212,0
BRDA:212,17,0,-
BRDA:212,17,1,-
DA:213,0
DA:213,0
FN:219,AuctionParamsUtils.validateUnlock
FNDA:0,AuctionParamsUtils.validateUnlock
DA:220,0
DA:220,0
BRDA:220,0,0,-
BRDA:220,0,1,-
DA:220,0
FN:223,AuctionParamsUtils.validateTokens
FNDA:0,AuctionParamsUtils.validateTokens
DA:224,0
DA:224,0
BRDA:224,1,0,-
BRDA:224,1,1,-
DA:224,0
FN:227,AuctionParamsUtils.validateNFTs
FNDA:0,AuctionParamsUtils.validateNFTs
DA:228,0
DA:228,0
BRDA:228,2,0,-
BRDA:228,2,1,-
DA:228,0
FN:231,AuctionParamsUtils.validateAnyReward
FNDA:0,AuctionParamsUtils.validateAnyReward
DA:232,0
DA:232,0
DA:232,0
DA:232,0
BRDA:232,3,0,-
BRDA:232,3,1,-
DA:232,0
FN:237,AuctionParamsUtils.validateBidWindows
FNDA:0,AuctionParamsUtils.validateBidWindows
DA:239,0
DA:239,0
DA:239,0
DA:239,0
BRDA:239,4,0,-
BRDA:239,4,1,-
DA:239,0
DA:242,0
DA:242,0
DA:243,0
DA:243,0
DA:243,0
DA:243,0
DA:244,0
DA:244,0
BRDA:244,5,0,-
BRDA:244,5,1,-
DA:244,0
DA:245,0
DA:245,0
DA:249,0
DA:249,0
BRDA:249,6,0,-
BRDA:249,6,1,-
DA:250,0
DA:250,0
DA:253,0
DA:253,0
DA:254,0
DA:254,0
DA:254,0
DA:254,0
DA:255,0
DA:255,0
BRDA:255,7,0,-
BRDA:255,7,1,-
DA:255,0
DA:257,0
DA:257,0
BRDA:257,8,0,-
BRDA:257,8,1,-
DA:257,0
DA:260,0
DA:260,0
DA:260,0
DA:260,0
DA:261,0
DA:261,0
DA:261,0
DA:261,0
BRDA:261,9,0,-
BRDA:261,9,1,-
DA:262,0
DA:262,0
DA:266,0
DA:266,0
DA:266,0
DA:266,0
DA:268,0
DA:268,0
DA:268,0
DA:268,0
BRDA:268,10,0,-
BRDA:268,10,1,-
DA:269,0
DA:269,0
DA:272,0
DA:272,0
DA:272,0
DA:272,0
BRDA:272,11,0,-
BRDA:272,11,1,-
DA:273,0
DA:273,0
FNF:22
FNH:0
LF:92
LH:0
BRF:60
BRH:0
end_of_record
TN:
SF:contracts/Auctioneer.sol
FN:89,Auctioneer.onERC721Received
FNDA:6,Auctioneer.onERC721Received
DA:90,6
DA:90,6
FN:104,Auctioneer.setTreasury
FNDA:158,Auctioneer.setTreasury
DA:105,157
DA:105,157
DA:105,157
BRDA:105,0,0,1
BRDA:105,0,1,156
DA:105,1
DA:106,156
DA:106,156
DA:107,156
DA:107,156
FN:110,Auctioneer.setFarm
FNDA:25,Auctioneer.setFarm
DA:111,24
DA:111,24
DA:112,24
DA:112,24
FN:115,Auctioneer.setTreasurySplit
FNDA:4,Auctioneer.setTreasurySplit
DA:116,3
DA:116,3
BRDA:116,1,0,1
BRDA:116,1,1,2
DA:116,1
DA:117,2
DA:117,2
DA:118,2
DA:118,2
FN:121,Auctioneer.updatePrivateAuctionRequirement
FNDA:3,Auctioneer.updatePrivateAuctionRequirement
DA:122,2
DA:122,2
DA:123,2
DA:123,2
FN:126,Auctioneer.updateStartingBid
FNDA:5,Auctioneer.updateStartingBid
DA:127,4
DA:127,4
DA:127,4
DA:127,3
BRDA:127,2,0,2
BRDA:127,2,1,2
DA:127,2
DA:128,2
DA:128,2
DA:129,2
DA:129,2
FN:133,Auctioneer.updateBidCost
FNDA:5,Auctioneer.updateBidCost
DA:134,4
DA:134,4
DA:134,4
DA:134,3
BRDA:134,3,0,2
BRDA:134,3,1,2
DA:134,2
DA:135,2
DA:135,2
DA:136,2
DA:136,2
FN:139,Auctioneer.updateEarlyHarvestTax
FNDA:4,Auctioneer.updateEarlyHarvestTax
DA:140,3
DA:140,3
BRDA:140,4,0,1
BRDA:140,4,1,2
DA:140,1
DA:141,2
DA:141,2
DA:142,2
DA:142,2
FN:145,Auctioneer.updateEmissionTaxDuration
FNDA:4,Auctioneer.updateEmissionTaxDuration
DA:146,3
DA:146,3
BRDA:146,5,0,1
BRDA:146,5,1,2
DA:146,1
DA:147,2
DA:147,2
DA:148,2
DA:148,2
FN:155,Auctioneer.distributeEmissionsBetweenEpochs
FNDA:150,Auctioneer.distributeEmissionsBetweenEpochs
DA:156,150
DA:156,150
DA:156,150
DA:157,150
DA:157,150
DA:157,1350
DA:157,1200
DA:158,1200
DA:158,1200
FN:162,Auctioneer.initializeAuctions
FNDA:150,Auctioneer.initializeAuctions
DA:163,150
DA:163,150
DA:164,150
DA:164,150
FN:167,Auctioneer.initialize
FNDA:152,Auctioneer.initialize
DA:168,152
DA:168,152
DA:168,152
BRDA:168,6,0,1
BRDA:168,6,1,151
DA:168,1
DA:169,151
BRDA:169,7,0,1
BRDA:169,7,1,150
DA:169,1
DA:170,150
DA:170,150
DA:171,150
DA:171,150
DA:172,150
DA:172,150
FN:179,Auctioneer._getDayOfTimestamp
FNDA:346,Auctioneer._getDayOfTimestamp
DA:180,346
DA:180,346
DA:180,346
FN:183,Auctioneer._getCurrentDay
FNDA:0,Auctioneer._getCurrentDay
DA:184,0
DA:184,0
DA:184,0
FN:187,Auctioneer._getEpochAtTimestamp
FNDA:354,Auctioneer._getEpochAtTimestamp
DA:188,354
DA:188,354
DA:188,354
DA:188,354
BRDA:188,8,0,-
BRDA:188,8,1,354
DA:188,0
DA:189,354
DA:189,354
FN:192,Auctioneer._getEpochDataAtTimestamp
FNDA:180,Auctioneer._getEpochDataAtTimestamp
DA:193,180
DA:193,180
DA:195,180
DA:195,180
DA:196,180
DA:196,180
DA:198,180
DA:198,180
BRDA:198,9,0,-
BRDA:198,9,1,180
DA:199,0
DA:199,0
DA:201,180
DA:201,180
DA:205,180
DA:205,180
DA:207,180
DA:207,180
FN:212,Auctioneer._getEmissionForAuction
FNDA:169,Auctioneer._getEmissionForAuction
DA:213,169
DA:213,169
DA:213,169
DA:214,169
DA:214,169
BRDA:214,10,0,-
BRDA:214,10,1,169
DA:214,0
DA:217,169
DA:217,169
DA:221,169
DA:221,169
BRDA:221,11,0,-
BRDA:221,11,1,169
DA:222,0
DA:222,0
DA:225,169
DA:225,169
FN:228,Auctioneer._userGOBalance
FNDA:8,Auctioneer._userGOBalance
DA:229,8
DA:229,8
DA:230,8
DA:230,8
DA:230,8
BRDA:230,12,0,-
BRDA:230,12,1,8
DA:231,8
DA:231,8
FN:235,Auctioneer._getUserPrivateAuctionsPermitted
FNDA:8,Auctioneer._getUserPrivateAuctionsPermitted
DA:236,8
DA:236,8
DA:236,8
DA:236,8
FN:245,Auctioneer.createDailyAuctions
FNDA:157,Auctioneer.createDailyAuctions
DA:246,156
DA:246,156
BRDA:246,13,0,1
BRDA:246,13,1,155
DA:246,1
DA:247,155
DA:247,155
DA:247,155
BRDA:247,14,0,1
BRDA:247,14,1,154
DA:247,1
DA:249,154
DA:249,154
DA:249,318
DA:249,164
DA:250,181
DA:250,181
FN:254,Auctioneer._validateAuctionParams
FNDA:181,Auctioneer._validateAuctionParams
DA:255,181
DA:255,181
DA:256,180
DA:256,180
DA:257,179
DA:257,179
DA:258,178
DA:258,178
DA:259,177
DA:259,177
FN:262,Auctioneer._validateAuctionDay
FNDA:168,Auctioneer._validateAuctionDay
DA:263,168
DA:263,168
DA:263,168
DA:266,168
DA:266,168
BRDA:266,15,0,1
BRDA:266,15,1,167
DA:266,1
DA:273,167
DA:273,167
BRDA:273,16,0,1
BRDA:273,16,1,166
DA:274,1
DA:274,1
FN:277,Auctioneer._createSingleAuction
FNDA:181,Auctioneer._createSingleAuction
DA:278,181
DA:278,181
DA:279,168
DA:279,168
DA:282,166
DA:282,166
DA:283,166
DA:283,166
DA:283,166
DA:284,166
DA:284,166
DA:285,166
DA:285,166
DA:287,166
DA:287,166
DA:290,166
DA:290,166
DA:291,166
DA:291,166
DA:292,166
DA:292,166
DA:293,166
DA:293,166
DA:294,166
DA:294,166
DA:295,166
DA:295,166
DA:296,166
DA:296,166
DA:297,166
DA:297,166
DA:300,166
DA:300,166
DA:301,166
DA:301,166
DA:304,164
DA:304,164
DA:304,164
DA:305,164
DA:305,164
DA:305,164
DA:307,164
DA:307,164
DA:307,164
DA:307,164
BRDA:307,17,0,-
BRDA:307,17,1,164
DA:309,164
DA:309,164
DA:310,164
DA:310,164
DA:311,164
DA:311,164
DA:312,164
DA:312,164
DA:316,164
DA:316,164
DA:317,164
DA:317,164
DA:318,164
DA:318,164
DA:319,164
DA:319,164
DA:320,164
DA:320,164
DA:321,164
DA:321,164
DA:324,164
DA:324,164
DA:326,164
DA:326,164
DA:327,164
DA:327,164
FN:332,Auctioneer.cancelAuction
FNDA:14,Auctioneer.cancelAuction
DA:333,12
DA:333,12
DA:334,12
DA:334,12
DA:334,12
DA:337,12
BRDA:337,18,0,1
BRDA:337,18,1,11
DA:337,1
DA:340,11
DA:340,11
BRDA:340,19,0,1
BRDA:340,19,1,10
DA:340,1
DA:342,10
DA:342,10
DA:345,10
DA:345,10
DA:345,10
DA:347,10
DA:347,10
BRDA:347,20,0,-
BRDA:347,20,1,10
DA:348,10
DA:348,10
DA:349,10
DA:349,10
DA:350,10
DA:350,10
DA:353,10
DA:353,10
DA:354,10
DA:354,10
DA:355,10
DA:355,10
DA:358,10
DA:358,10
DA:359,10
DA:359,10
DA:360,10
DA:360,10
FN:365,Auctioneer.bid
FNDA:261,Auctioneer.bid
DA:366,260
DA:366,260
BRDA:366,21,0,1
BRDA:366,21,1,259
DA:366,1
DA:367,259
DA:367,259
DA:368,259
DA:368,259
DA:371,252
DA:371,252
DA:371,4
BRDA:371,22,0,2
BRDA:371,22,1,250
DA:371,2
DA:374,250
DA:374,250
DA:375,250
DA:375,250
DA:376,250
DA:376,250
DA:377,250
DA:377,250
DA:378,250
DA:378,250
DA:379,250
DA:379,250
DA:382,250
DA:382,250
DA:385,250
DA:385,250
DA:386,250
DA:386,250
DA:386,250
DA:386,5
BRDA:386,23,0,2
BRDA:386,23,1,248
DA:387,2
DA:387,2
DA:389,248
DA:389,248
DA:392,248
DA:392,248
FN:397,Auctioneer.claimAuctionLot
FNDA:19,Auctioneer.claimAuctionLot
DA:398,19
DA:398,19
DA:400,19
DA:400,19
DA:402,15
DA:402,15
DA:403,13
DA:403,13
FN:407,Auctioneer.finalizeAuction
FNDA:12,Auctioneer.finalizeAuction
DA:408,12
DA:408,12
DA:410,12
DA:410,12
DA:412,11
DA:412,11
FN:415,Auctioneer._claimLotWinnings
FNDA:15,Auctioneer._claimLotWinnings
DA:417,15
DA:417,15
BRDA:417,24,0,1
BRDA:417,24,1,14
DA:417,1
DA:420,14
BRDA:420,25,0,1
BRDA:420,25,1,13
DA:420,1
DA:423,13
DA:423,13
DA:426,13
DA:426,13
DA:426,13
DA:426,4
BRDA:426,26,0,1
BRDA:426,26,1,12
DA:428,1
DA:428,1
DA:429,12
DA:429,12
DA:429,12
DA:429,3
BRDA:429,27,0,1
BRDA:429,27,1,11
DA:431,1
DA:431,1
DA:432,1
DA:432,1
DA:435,11
DA:435,11
DA:439,13
DA:439,13
DA:442,13
DA:442,13
DA:443,13
DA:443,13
FN:446,Auctioneer._finalizeAuction
FNDA:24,Auctioneer._finalizeAuction
DA:448,24
BRDA:448,28,0,21
BRDA:448,28,1,24
DA:448,24
DA:451,21
DA:451,21
DA:454,21
DA:454,21
BRDA:454,29,0,21
BRDA:454,29,1,21
DA:455,21
DA:455,21
DA:459,21
DA:459,21
DA:460,21
DA:460,21
FN:463,Auctioneer.claimAuctionEmissions
FNDA:7,Auctioneer.claimAuctionEmissions
DA:464,7
DA:464,7
DA:464,15
DA:464,8
DA:465,9
DA:465,9
FN:469,Auctioneer._claimAuctionEmissions
FNDA:9,Auctioneer._claimAuctionEmissions
DA:470,9
DA:470,9
DA:471,9
DA:471,9
DA:473,9
DA:473,9
DA:476,8
BRDA:476,30,0,-
BRDA:476,30,1,8
DA:476,0
DA:479,8
DA:479,8
BRDA:479,31,0,-
BRDA:479,31,1,8
DA:479,0
DA:482,8
DA:482,8
DA:482,8
DA:482,8
DA:485,8
DA:485,8
DA:485,8
DA:486,8
DA:486,8
DA:486,8
DA:487,8
DA:487,8
DA:487,8
DA:490,8
DA:490,8
DA:491,8
DA:491,8
BRDA:491,32,0,7
BRDA:491,32,1,8
DA:492,7
DA:492,7
DA:495,8
DA:495,8
DA:496,8
DA:496,8
DA:497,8
DA:497,8
FN:504,Auctioneer.setAlias
FNDA:10,Auctioneer.setAlias
DA:505,10
DA:505,10
DA:505,10
DA:505,9
BRDA:505,33,0,2
BRDA:505,33,1,8
DA:505,2
DA:506,8
DA:506,8
DA:506,8
BRDA:506,34,0,2
BRDA:506,34,1,6
DA:506,2
DA:509,6
DA:509,6
BRDA:509,35,0,1
BRDA:509,35,1,6
DA:510,1
DA:510,1
DA:513,6
DA:513,6
DA:514,6
DA:514,6
DA:516,6
DA:516,6
FN:519,Auctioneer.addFunds
FNDA:22,Auctioneer.addFunds
DA:520,22
DA:520,22
DA:520,22
BRDA:520,36,0,1
BRDA:520,36,1,21
DA:520,1
DA:522,21
DA:522,21
DA:523,20
DA:523,20
DA:525,20
DA:525,20
FN:528,Auctioneer.withdrawFunds
FNDA:3,Auctioneer.withdrawFunds
DA:529,3
DA:529,3
BRDA:529,37,0,1
BRDA:529,37,1,2
DA:529,1
DA:531,2
DA:531,2
DA:532,2
DA:532,2
DA:534,2
DA:534,2
FN:541,Auctioneer.getBidsData
FNDA:0,Auctioneer.getBidsData
DA:545,0
DA:545,0
DA:546,0
DA:546,0
FN:549,Auctioneer.getAuction
FNDA:130,Auctioneer.getAuction
DA:550,130
DA:550,130
FN:553,Auctioneer.getUserPrivateAuctionsPermitted
FNDA:4,Auctioneer.getUserPrivateAuctionsPermitted
DA:554,4
DA:554,4
DA:554,4
FN:557,Auctioneer.getAuctionUser
FNDA:3,Auctioneer.getAuctionUser
DA:558,3
DA:558,3
FN:561,Auctioneer.getAuctionTokenEarned
FNDA:0,Auctioneer.getAuctionTokenEarned
DA:563,0
DA:563,0
DA:563,0
DA:563,0
BRDA:563,38,0,-
BRDA:563,38,1,-
DA:563,0
DA:565,0
DA:565,0
DA:565,0
FN:568,Auctioneer.getUserClaimableLots
FNDA:4,Auctioneer.getUserClaimableLots
DA:569,4
DA:569,4
DA:569,4
FN:572,Auctioneer.getUserClaimableLotsData
FNDA:5,Auctioneer.getUserClaimableLotsData
DA:573,5
DA:573,5
DA:573,5
DA:574,5
DA:574,5
DA:577,5
DA:577,5
DA:577,9
DA:577,4
DA:578,4
DA:578,4
DA:579,4
DA:579,4
DA:582,4
DA:582,4
DA:584,4
DA:584,4
DA:584,4
DA:585,4
DA:585,4
FN:589,Auctioneer.getCurrentEpochData
FNDA:0,Auctioneer.getCurrentEpochData
DA:590,0
DA:590,0
DA:590,0
FNF:42
FNH:38
LF:207
LH:199
BRF:78
BRH:67
end_of_record
TN:
SF:contracts/AuctioneerFarm.sol
FN:43,AuctioneerFarm.initializeEmissions
FNDA:85,AuctioneerFarm.initializeEmissions
DA:44,84
BRDA:44,0,0,1
BRDA:44,0,1,83
DA:44,1
DA:45,83
DA:45,83
DA:47,83
DA:47,83
DA:47,83
BRDA:47,1,0,1
BRDA:47,1,1,82
DA:47,1
DA:50,82
DA:50,82
DA:51,82
DA:51,82
DA:52,82
DA:52,82
DA:53,82
DA:53,82
DA:56,82
DA:56,82
FN:61,AuctioneerFarm._add
FNDA:111,AuctioneerFarm._add
DA:62,111
DA:62,111
DA:63,111
DA:63,111
DA:64,111
DA:64,111
DA:65,111
DA:65,111
DA:66,111
DA:66,111
FN:69,AuctioneerFarm.addLp
FNDA:33,AuctioneerFarm.addLp
DA:70,32
DA:70,32
BRDA:70,2,0,1
BRDA:70,2,1,31
DA:70,1
DA:71,31
DA:71,31
DA:71,31
DA:71,30
BRDA:71,3,0,2
BRDA:71,3,1,29
DA:71,2
DA:72,29
DA:72,29
FN:75,AuctioneerFarm.removeLp
FNDA:8,AuctioneerFarm.removeLp
DA:76,7
DA:76,7
DA:77,7
DA:77,7
DA:78,7
DA:78,7
FN:81,AuctioneerFarm.updateLpBoost
FNDA:13,AuctioneerFarm.updateLpBoost
DA:82,12
DA:82,12
BRDA:82,4,0,-
BRDA:82,4,1,12
DA:82,0
DA:83,12
DA:83,12
DA:83,12
DA:83,11
BRDA:83,5,0,2
BRDA:83,5,1,10
DA:83,2
DA:84,10
DA:84,10
DA:85,10
DA:85,10
DA:86,10
DA:86,10
FN:91,AuctioneerFarm._getEqualizedTotalStaked
FNDA:135,AuctioneerFarm._getEqualizedTotalStaked
DA:92,0
DA:92,0
DA:93,135
DA:93,135
DA:93,311
DA:93,176
DA:94,176
DA:94,176
DA:96,135
DA:96,135
FN:99,AuctioneerFarm._getEqualizedUserStaked
FNDA:498,AuctioneerFarm._getEqualizedUserStaked
DA:100,0
DA:100,0
DA:101,498
DA:101,498
DA:101,1465
DA:101,967
DA:102,967
DA:102,967
DA:106,498
DA:106,498
FN:111,AuctioneerFarm.receiveUSDDistribution
FNDA:19,AuctioneerFarm.receiveUSDDistribution
DA:113,19
DA:113,19
DA:113,19
DA:114,19
DA:114,19
BRDA:114,6,0,1
BRDA:114,6,1,18
DA:114,1
DA:116,18
DA:116,18
DA:117,18
DA:117,18
DA:119,18
DA:119,18
DA:120,18
DA:120,18
FN:123,AuctioneerFarm.getEqualizedUserStaked
FNDA:22,AuctioneerFarm.getEqualizedUserStaked
DA:124,22
DA:124,22
DA:124,22
FN:126,AuctioneerFarm.getEqualizedTotalStaked
FNDA:9,AuctioneerFarm.getEqualizedTotalStaked
DA:127,9
DA:127,9
DA:127,9
FN:129,AuctioneerFarm.getStakingTokens
FNDA:4,AuctioneerFarm.getStakingTokens
DA:130,4
DA:130,4
FN:132,AuctioneerFarm.getStakingTokenData
FNDA:14,AuctioneerFarm.getStakingTokenData
DA:133,14
DA:133,14
DA:134,14
DA:134,14
DA:135,14
DA:135,14
FN:137,AuctioneerFarm.getStakingTokenUserStaked
FNDA:6,AuctioneerFarm.getStakingTokenUserStaked
DA:138,6
DA:138,6
FN:143,AuctioneerFarm.deposit
FNDA:92,AuctioneerFarm.deposit
DA:144,92
DA:144,92
BRDA:144,7,0,2
BRDA:144,7,1,90
DA:144,2
DA:145,90
DA:145,90
DA:145,90
BRDA:145,8,0,1
BRDA:145,8,1,89
DA:145,1
DA:147,89
DA:147,89
DA:149,89
DA:149,89
BRDA:149,9,0,88
BRDA:149,9,1,88
DA:150,88
DA:150,88
DA:153,88
DA:153,88
DA:154,88
DA:154,88
DA:156,88
DA:156,88
DA:158,88
DA:158,88
FN:161,AuctioneerFarm.withdraw
FNDA:7,AuctioneerFarm.withdraw
DA:162,7
DA:162,7
BRDA:162,10,0,1
BRDA:162,10,1,6
DA:162,1
DA:164,6
DA:164,6
DA:166,6
DA:166,6
BRDA:166,11,0,5
BRDA:166,11,1,6
DA:167,5
DA:167,5
DA:168,5
DA:168,5
DA:169,5
DA:169,5
DA:172,6
DA:172,6
DA:174,6
DA:174,6
FN:179,AuctioneerFarm._updateUserDebts
FNDA:102,AuctioneerFarm._updateUserDebts
DA:180,102
DA:180,102
DA:180,102
DA:182,102
DA:182,102
DA:183,102
DA:183,102
FN:186,AuctioneerFarm._getPendingUSD
FNDA:187,AuctioneerFarm._getPendingUSD
DA:187,187
DA:187,187
DA:187,187
FN:190,AuctioneerFarm.min
FNDA:106,AuctioneerFarm.min
DA:191,106
DA:191,106
DA:191,106
FN:194,AuctioneerFarm._getUpdatedGoRewardPerShare
FNDA:432,AuctioneerFarm._getUpdatedGoRewardPerShare
DA:195,432
DA:195,432
BRDA:195,12,0,323
BRDA:195,12,1,109
DA:195,323
DA:196,109
DA:196,109
BRDA:196,13,0,2
BRDA:196,13,1,107
DA:196,2
DA:198,107
DA:198,107
DA:198,107
DA:199,107
DA:199,107
BRDA:199,14,0,1
BRDA:199,14,1,106
DA:199,1
DA:202,106
DA:202,106
DA:202,106
DA:202,106
DA:203,106
DA:203,106
DA:203,106
DA:204,106
DA:204,106
DA:204,106
DA:204,106
FN:207,AuctioneerFarm.getUpdatedGoRewardPerShare
FNDA:14,AuctioneerFarm.getUpdatedGoRewardPerShare
DA:208,14
DA:208,14
DA:208,14
FN:211,AuctioneerFarm._updateGoRewardPerShare
FNDA:231,AuctioneerFarm._updateGoRewardPerShare
DA:212,231
DA:212,231
DA:213,231
DA:213,231
FN:216,AuctioneerFarm._getPendingGO
FNDA:187,AuctioneerFarm._getPendingGO
DA:217,187
DA:217,187
DA:217,187
FN:220,AuctioneerFarm._harvest
FNDA:103,AuctioneerFarm._harvest
DA:222,103
DA:222,103
DA:222,103
DA:223,103
DA:223,103
BRDA:223,15,0,10
BRDA:223,15,1,103
DA:223,10
DA:224,103
DA:224,103
DA:227,103
DA:227,103
DA:230,103
DA:230,103
DA:230,103
DA:231,103
DA:231,103
BRDA:231,16,0,12
BRDA:231,16,1,103
DA:231,12
DA:233,103
DA:233,103
FN:236,AuctioneerFarm.harvest
FNDA:8,AuctioneerFarm.harvest
DA:237,8
DA:237,8
DA:238,8
DA:238,8
FN:241,AuctioneerFarm.pending
FNDA:84,AuctioneerFarm.pending
DA:242,84
DA:242,84
DA:243,84
DA:243,84
FNF:25
FNH:25
LF:89
LH:87
BRF:34
BRH:33
end_of_record
TN:
SF:contracts/BasicERC1155.sol
FN:41,BasicERC1155.setContractURI
FNDA:0,BasicERC1155.setContractURI
DA:42,0
DA:42,0
FN:45,BasicERC1155.setURI
FNDA:0,BasicERC1155.setURI
DA:46,0
DA:46,0
FN:49,BasicERC1155.pause
FNDA:0,BasicERC1155.pause
DA:50,0
DA:50,0
FN:53,BasicERC1155.unpause
FNDA:0,BasicERC1155.unpause
DA:54,0
DA:54,0
FN:57,BasicERC1155.mint
FNDA:0,BasicERC1155.mint
DA:62,0
DA:62,0
FN:65,BasicERC1155.mintBatch
FNDA:0,BasicERC1155.mintBatch
DA:70,0
DA:70,0
FN:73,BasicERC1155.contractURI
FNDA:0,BasicERC1155.contractURI
DA:74,0
DA:74,0
FN:81,BasicERC1155.uri
FNDA:0,BasicERC1155.uri
DA:82,0
DA:82,0
DA:83,0
DA:83,0
FN:90,BasicERC1155._update
FNDA:0,BasicERC1155._update
DA:96,0
DA:96,0
FNF:9
FNH:0
LF:10
LH:0
BRF:0
BRH:0
end_of_record
TN:
SF:contracts/BasicERC20.sol
FN:13,BasicERC20.pause
FNDA:0,BasicERC20.pause
DA:14,0
DA:14,0
FN:17,BasicERC20.unpause
FNDA:0,BasicERC20.unpause
DA:18,0
DA:18,0
FN:21,BasicERC20.mint
FNDA:1613,BasicERC20.mint
DA:22,1613
DA:22,1613
FN:25,BasicERC20._update
FNDA:2041,BasicERC20._update
DA:26,2041
DA:26,2041
FNF:4
FNH:2
LF:4
LH:2
BRF:0
BRH:0
end_of_record
TN:
SF:contracts/BasicERC721.sol
FN:33,BasicERC721.safeMint
FNDA:1496,BasicERC721.safeMint
DA:35,1496
DA:35,1496
DA:37,1496
DA:37,1496
FN:40,BasicERC721.pause
FNDA:0,BasicERC721.pause
DA:41,0
DA:41,0
FN:44,BasicERC721.unpause
FNDA:0,BasicERC721.unpause
DA:45,0
DA:45,0
FN:48,BasicERC721.setBaseURI
FNDA:0,BasicERC721.setBaseURI
DA:49,0
DA:49,0
FN:52,BasicERC721.setContractURI
FNDA:0,BasicERC721.setContractURI
DA:53,0
DA:53,0
FN:56,BasicERC721._baseURI
FNDA:0,BasicERC721._baseURI
DA:57,0
DA:57,0
FN:60,BasicERC721.contractURI
FNDA:0,BasicERC721.contractURI
DA:61,0
DA:61,0
FN:68,BasicERC721.tokenURI
FNDA:0,BasicERC721.tokenURI
DA:69,0
DA:69,0
DA:69,0
DA:69,0
BRDA:69,0,0,-
BRDA:69,0,1,-
DA:69,0
DA:71,0
DA:71,0
DA:71,0
FN:74,BasicERC721._update
FNDA:1506,BasicERC721._update
DA:79,1506
DA:79,1506
DA:79,1506
FN:82,BasicERC721._increaseBalance
FNDA:0,BasicERC721._increaseBalance
DA:83,0
DA:83,0
FN:86,BasicERC721.supportsInterface
FNDA:0,BasicERC721.supportsInterface
DA:87,0
DA:87,0
DA:87,0
FNF:11
FNH:2
LF:13
LH:3
BRF:2
BRH:0
end_of_record
TN:
SF:contracts/WETH9.sol
FN:21,WETH9.pause
FNDA:0,WETH9.pause
DA:22,0
DA:22,0
FN:25,WETH9.unpause
FNDA:0,WETH9.unpause
DA:26,0
DA:26,0
FN:29,WETH9.mint
FNDA:0,WETH9.mint
DA:30,0
DA:30,0
FN:33,WETH9._update
FNDA:343,WETH9._update
DA:34,343
DA:34,343
FN:37,WETH9.deposit
FNDA:154,WETH9.deposit
DA:38,154
DA:38,154
DA:39,154
DA:39,154
FN:42,WETH9.withdraw
FNDA:19,WETH9.withdraw
DA:43,19
DA:43,19
BRDA:43,0,0,-
BRDA:43,0,1,19
DA:44,19
DA:44,19
DA:45,19
DA:45,19
DA:46,19
DA:46,19
FNF:6
FNH:3
LF:10
LH:7
BRF:2
BRH:1
end_of_record
TN:
SF:contracts/test/Auctioneer.base.t.sol
FN:49,AuctioneerHelper.setUp
FNDA:0,AuctioneerHelper.setUp
DA:50,0
DA:50,0
DA:51,0
DA:51,0
DA:52,0
DA:52,0
DA:53,0
DA:53,0
DA:54,0
DA:54,0
DA:55,0
DA:55,0
DA:57,0
DA:57,0
DA:58,0
DA:58,0
DA:61,0
DA:61,0
DA:62,0
DA:62,0
DA:65,0
DA:65,0
DA:66,0
DA:66,0
DA:67,0
DA:67,0
DA:68,0
DA:68,0
DA:71,0
DA:71,0
DA:72,0
DA:72,0
DA:73,0
DA:73,0
DA:74,0
DA:74,0
DA:77,0
DA:77,0
DA:78,0
DA:78,0
DA:79,0
DA:79,0
DA:80,0
DA:80,0
DA:83,0
DA:83,0
DA:84,0
DA:84,0
DA:85,0
DA:85,0
DA:86,0
DA:86,0
DA:87,0
DA:87,0
DA:88,0
DA:88,0
DA:89,0
DA:89,0
DA:90,0
DA:90,0
DA:93,0
DA:93,0
DA:94,0
DA:94,0
DA:95,0
DA:95,0
DA:96,0
DA:96,0
DA:97,0
DA:97,0
DA:98,0
DA:98,0
DA:99,0
DA:99,0
DA:100,0
DA:100,0
FN:105,AuctioneerHelper._getNextDay2PMTimestamp
FNDA:0,AuctioneerHelper._getNextDay2PMTimestamp
DA:106,0
DA:106,0
DA:106,0
DA:106,0
FN:108,AuctioneerHelper._getDayInFuture2PMTimestamp
FNDA:0,AuctioneerHelper._getDayInFuture2PMTimestamp
DA:109,0
DA:109,0
DA:109,0
DA:109,0
FN:112,AuctioneerHelper._getBaseSingleAuctionParams
FNDA:0,AuctioneerHelper._getBaseSingleAuctionParams
DA:113,0
DA:113,0
DA:113,0
DA:114,0
DA:114,0
DA:116,0
DA:116,0
DA:116,0
DA:117,0
DA:117,0
DA:118,0
DA:118,0
DA:119,0
DA:119,0
DA:121,0
DA:121,0
FN:133,AuctioneerHelper._getNftAuctionParams
FNDA:0,AuctioneerHelper._getNftAuctionParams
DA:134,0
DA:134,0
DA:137,0
DA:137,0
DA:138,0
DA:138,0
DA:139,0
DA:139,0
FN:142,AuctioneerHelper._getMultiTokenSingleAuctionParams
FNDA:0,AuctioneerHelper._getMultiTokenSingleAuctionParams
DA:143,0
DA:143,0
DA:143,0
DA:144,0
DA:144,0
DA:145,0
DA:145,0
DA:146,0
DA:146,0
DA:148,0
DA:148,0
DA:148,0
DA:149,0
DA:149,0
DA:150,0
DA:150,0
DA:151,0
DA:151,0
DA:153,0
DA:153,0
FN:165,AuctioneerHelper._createBaseAuctionOnDay
FNDA:0,AuctioneerHelper._createBaseAuctionOnDay
DA:166,0
DA:166,0
DA:166,0
DA:168,0
DA:168,0
DA:168,0
DA:170,0
DA:170,0
DA:171,0
DA:171,0
DA:174,0
DA:174,0
FN:185,AuctioneerHelper._expectTokenTransfer
FNDA:0,AuctioneerHelper._expectTokenTransfer
DA:186,0
DA:186,0
DA:187,0
DA:187,0
FN:192,AuctioneerHelper._bidShouldRevert
FNDA:0,AuctioneerHelper._bidShouldRevert
DA:193,0
DA:193,0
DA:194,0
DA:194,0
FN:196,AuctioneerHelper._bidShouldEmit
FNDA:0,AuctioneerHelper._bidShouldEmit
DA:197,0
DA:197,0
DA:197,0
DA:197,0
DA:198,0
DA:198,0
DA:199,0
DA:199,0
DA:200,0
DA:200,0
FN:202,AuctioneerHelper._bid
FNDA:0,AuctioneerHelper._bid
DA:203,0
DA:203,0
DA:204,0
DA:204,0
FN:206,AuctioneerHelper._bidOnLot
FNDA:0,AuctioneerHelper._bidOnLot
DA:207,0
DA:207,0
DA:208,0
DA:208,0
FN:210,AuctioneerHelper._multibid
FNDA:0,AuctioneerHelper._multibid
DA:211,0
DA:211,0
DA:212,0
DA:212,0
FN:214,AuctioneerHelper._multibidLot
FNDA:0,AuctioneerHelper._multibidLot
DA:215,0
DA:215,0
DA:216,0
DA:216,0
FN:218,AuctioneerHelper._bidUntil
FNDA:0,AuctioneerHelper._bidUntil
DA:220,0
DA:220,0
BRDA:220,0,0,-
BRDA:220,0,1,-
DA:220,0
DA:221,0
DA:221,0
DA:222,0
DA:222,0
FNF:15
FNH:0
LF:84
LH:0
BRF:2
BRH:0
end_of_record
TN:
SF:contracts/test/AuctioneerHarness.sol
FN:24,AuctioneerHarness.exposed_auction_activeWindow
FNDA:9,AuctioneerHarness.exposed_auction_activeWindow
DA:25,9
DA:25,9
DA:25,9
FN:27,AuctioneerHarness.exposed_auction_isBiddingOpen
FNDA:213,AuctioneerHarness.exposed_auction_isBiddingOpen
DA:28,213
DA:28,213
DA:28,213
FN:30,AuctioneerHarness.exposed_auction_isEnded
FNDA:213,AuctioneerHarness.exposed_auction_isEnded
DA:31,213
DA:31,213
DA:31,213
FN:35,AuctioneerHarness.exposed_getEmissionForAuction
FNDA:5,AuctioneerHarness.exposed_getEmissionForAuction
DA:36,5
DA:36,5
DA:36,5
FN:38,AuctioneerHarness.exposed_getEpochDataAtTimestamp
FNDA:11,AuctioneerHarness.exposed_getEpochDataAtTimestamp
DA:39,11
DA:39,11
DA:39,11
FNF:5
FNH:5
LF:5
LH:5
BRF:0
BRH:0
end_of_record
