TN:
SF:script/ChainJsonUtils.sol
FN:33,ChainJsonUtils.firstBlockPath
FNDA:0,ChainJsonUtils.firstBlockPath
DA:34,0
DA:34,0
FN:36,ChainJsonUtils.contractPath
FNDA:0,ChainJsonUtils.contractPath
DA:37,0
DA:37,0
DA:37,0
FN:39,ChainJsonUtils.configPath
FNDA:0,ChainJsonUtils.configPath
DA:40,0
DA:40,0
DA:40,0
FN:42,ChainJsonUtils.auctioneerConfigPath
FNDA:0,ChainJsonUtils.auctioneerConfigPath
DA:43,0
DA:43,0
DA:43,0
FN:45,ChainJsonUtils.tokensPath
FNDA:0,ChainJsonUtils.tokensPath
DA:46,0
DA:46,0
DA:46,0
FN:51,ChainJsonUtils.readAddress
FNDA:0,ChainJsonUtils.readAddress
DA:52,0
DA:52,0
BRDA:52,0,0,-
BRDA:52,0,1,-
DA:52,0
DA:53,0
DA:53,0
DA:53,0
DA:54,0
DA:54,0
DA:54,0
FN:56,ChainJsonUtils.readUint
FNDA:0,ChainJsonUtils.readUint
DA:57,0
DA:57,0
BRDA:57,1,0,-
BRDA:57,1,1,-
DA:57,0
DA:58,0
DA:58,0
DA:58,0
DA:59,0
DA:59,0
DA:59,0
FN:61,ChainJsonUtils.readBool
FNDA:0,ChainJsonUtils.readBool
DA:62,0
DA:62,0
BRDA:62,2,0,-
BRDA:62,2,1,-
DA:62,0
DA:63,0
DA:63,0
DA:63,0
DA:64,0
DA:64,0
DA:64,0
FN:66,ChainJsonUtils.writeAddress
FNDA:0,ChainJsonUtils.writeAddress
DA:67,0
DA:67,0
BRDA:67,3,0,-
BRDA:67,3,1,-
DA:67,0
DA:68,0
DA:68,0
FN:70,ChainJsonUtils.writeUint
FNDA:0,ChainJsonUtils.writeUint
DA:71,0
DA:71,0
BRDA:71,4,0,-
BRDA:71,4,1,-
DA:71,0
DA:72,0
DA:72,0
FN:74,ChainJsonUtils.writeBool
FNDA:0,ChainJsonUtils.writeBool
DA:75,0
DA:75,0
BRDA:75,5,0,-
BRDA:75,5,1,-
DA:75,0
DA:76,0
DA:76,0
FN:78,ChainJsonUtils.writeContractAddress
FNDA:0,ChainJsonUtils.writeContractAddress
DA:79,0
DA:79,0
BRDA:79,6,0,-
BRDA:79,6,1,-
DA:79,0
DA:80,0
DA:80,0
FN:84,ChainJsonUtils.writeFirstBlock
FNDA:0,ChainJsonUtils.writeFirstBlock
DA:85,0
DA:85,0
FN:90,ChainJsonUtils.readAuctionCount
FNDA:0,ChainJsonUtils.readAuctionCount
DA:91,0
DA:91,0
FN:94,ChainJsonUtils.readAuction
FNDA:0,ChainJsonUtils.readAuction
DA:95,0
DA:95,0
DA:95,0
DA:96,0
DA:96,0
DA:96,0
FNF:15
FNH:0
LF:26
LH:0
BRF:14
BRH:0
end_of_record
TN:
SF:script/GB.s.sol
FN:46,GBScripts.ANVIL_deploy
FNDA:0,GBScripts.ANVIL_deploy
DA:47,0
DA:47,0
BRDA:47,0,0,-
BRDA:47,0,1,-
DA:47,0
DA:50,0
DA:50,0
DA:51,0
DA:51,0
DA:54,0
DA:54,0
DA:55,0
DA:55,0
DA:58,0
DA:58,0
FN:61,GBScripts.deployTokens
FNDA:0,GBScripts.deployTokens
DA:62,0
DA:62,0
DA:63,0
DA:63,0
FN:66,GBScripts.deployCore
FNDA:0,GBScripts.deployCore
DA:67,0
DA:67,0
DA:68,0
DA:68,0
FN:71,GBScripts.initializeBlast
FNDA:0,GBScripts.initializeBlast
DA:72,0
DA:72,0
DA:73,0
DA:73,0
FN:80,GBScripts.updateTreasury
FNDA:0,GBScripts.updateTreasury
DA:81,0
DA:81,0
FN:84,GBScripts.claimYieldAll
FNDA:0,GBScripts.claimYieldAll
DA:85,0
DA:85,0
BRDA:85,1,0,-
BRDA:85,1,1,-
DA:85,0
DA:87,0
DA:87,0
DA:88,0
DA:88,0
FN:91,GBScripts.muteUser
FNDA:0,GBScripts.muteUser
DA:92,0
DA:92,0
FN:95,GBScripts.syncConfigValues
FNDA:0,GBScripts.syncConfigValues
DA:96,0
DA:96,0
DA:97,0
DA:97,0
DA:97,0
BRDA:97,2,0,-
BRDA:97,2,1,-
DA:98,0
DA:98,0
DA:99,0
DA:99,0
DA:101,0
DA:101,0
FN:109,GBScripts._deployTokens
FNDA:0,GBScripts._deployTokens
DA:110,0
DA:110,0
DA:111,0
DA:111,0
FN:114,GBScripts._setupWETH
FNDA:0,GBScripts._setupWETH
DA:115,0
BRDA:115,3,0,-
BRDA:115,3,1,-
DA:116,0
DA:116,0
DA:117,0
DA:117,0
DA:119,0
DA:119,0
FN:127,GBScripts._deployCore
FNDA:0,GBScripts._deployCore
DA:128,0
DA:128,0
DA:130,0
DA:130,0
DA:131,0
DA:131,0
DA:133,0
DA:133,0
DA:134,0
DA:134,0
DA:136,0
DA:136,0
FN:139,GBScripts._updateTreasury
FNDA:0,GBScripts._updateTreasury
DA:140,0
DA:140,0
DA:141,0
DA:141,0
FN:148,GBScripts.createAuctions
FNDA:0,GBScripts.createAuctions
DA:149,0
DA:149,0
DA:149,0
DA:150,0
DA:150,0
DA:150,0
DA:152,0
DA:152,0
DA:153,0
DA:153,0
DA:154,0
DA:154,0
DA:156,0
DA:156,0
DA:157,0
DA:157,0
DA:159,0
DA:159,0
DA:159,0
DA:159,0
DA:160,0
DA:160,0
DA:161,0
DA:161,0
DA:162,0
DA:162,0
DA:163,0
DA:163,0
DA:169,0
DA:169,0
DA:171,0
DA:171,0
DA:173,0
DA:173,0
FN:177,GBScripts.cancelAuction
FNDA:0,GBScripts.cancelAuction
DA:178,0
DA:178,0
FN:181,GBScripts.messageAuction
FNDA:0,GBScripts.messageAuction
DA:182,0
DA:182,0
FN:185,GBScripts.selectRune
FNDA:0,GBScripts.selectRune
DA:186,0
DA:186,0
FN:193,GBScripts.ANVIL_treasuryApproveAuctioneer
FNDA:0,GBScripts.ANVIL_treasuryApproveAuctioneer
DA:194,0
DA:194,0
BRDA:194,4,0,-
BRDA:194,4,1,-
DA:194,0
DA:195,0
DA:195,0
DA:196,0
DA:196,0
FN:199,GBScripts.ANVIL_bid
FNDA:0,GBScripts.ANVIL_bid
DA:205,0
DA:205,0
BRDA:205,5,0,-
BRDA:205,5,1,-
DA:205,0
DA:207,0
DA:207,0
DA:207,0
DA:208,0
DA:208,0
DA:208,0
DA:209,0
DA:209,0
DA:209,0
DA:211,0
DA:211,0
BRDA:211,6,0,-
BRDA:211,6,1,-
DA:212,0
DA:212,0
DA:213,0
DA:213,0
DA:213,0
DA:214,0
DA:214,0
BRDA:214,7,0,-
BRDA:214,7,1,-
DA:214,0
DA:217,0
DA:217,0
BRDA:217,8,0,-
BRDA:217,8,1,-
DA:217,0
DA:219,0
DA:219,0
DA:220,0
DA:220,0
FN:223,GBScripts._ANVIL_initArch
FNDA:0,GBScripts._ANVIL_initArch
DA:224,0
DA:224,0
BRDA:224,9,0,-
BRDA:224,9,1,-
DA:224,0
DA:226,0
DA:226,0
DA:227,0
DA:227,0
DA:228,0
DA:228,0
DA:228,0
DA:229,0
DA:229,0
BRDA:229,10,0,-
BRDA:229,10,1,-
DA:229,0
FNF:19
FNH:0
LF:73
LH:0
BRF:22
BRH:0
end_of_record
TN:
SF:script/GBScriptUtils.sol
FN:17,YieldMock.configure
FNDA:0,YieldMock.configure
DA:18,0
DA:18,0
BRDA:18,0,0,-
BRDA:18,0,1,-
DA:20,0
DA:20,0
DA:21,0
DA:21,0
FN:24,YieldMock.claim
FNDA:0,YieldMock.claim
DA:25,0
DA:25,0
FN:28,YieldMock.getClaimableAmount
FNDA:0,YieldMock.getClaimableAmount
DA:29,0
DA:29,0
FNF:3
FNH:0
LF:5
LH:0
BRF:2
BRH:0
end_of_record
TN:
SF:src/AuctionUtils.sol
FN:223,AuctionParamsUtils.validateUnlock
FNDA:0,AuctionParamsUtils.validateUnlock
DA:224,0
DA:224,0
BRDA:224,0,0,-
BRDA:224,0,1,-
DA:224,0
FN:227,AuctionParamsUtils.validateTokens
FNDA:0,AuctionParamsUtils.validateTokens
DA:228,0
DA:228,0
BRDA:228,1,0,-
BRDA:228,1,1,-
DA:228,0
FN:231,AuctionParamsUtils.validateNFTs
FNDA:0,AuctionParamsUtils.validateNFTs
DA:232,0
DA:232,0
BRDA:232,2,0,-
BRDA:232,2,1,-
DA:232,0
DA:233,0
DA:233,0
DA:233,0
DA:233,0
BRDA:233,3,0,-
BRDA:233,3,1,-
DA:233,0
FN:236,AuctionParamsUtils.validateAnyReward
FNDA:0,AuctionParamsUtils.validateAnyReward
DA:237,0
DA:237,0
DA:237,0
DA:237,0
BRDA:237,4,0,-
BRDA:237,4,1,-
DA:237,0
FN:242,AuctionParamsUtils.validateBidWindows
FNDA:0,AuctionParamsUtils.validateBidWindows
DA:244,0
DA:244,0
DA:244,0
DA:244,0
BRDA:244,5,0,-
BRDA:244,5,1,-
DA:244,0
DA:247,0
DA:247,0
DA:248,0
DA:248,0
DA:248,0
DA:248,0
DA:249,0
DA:249,0
BRDA:249,6,0,-
BRDA:249,6,1,-
DA:249,0
DA:250,0
DA:250,0
DA:254,0
DA:254,0
BRDA:254,7,0,-
BRDA:254,7,1,-
DA:255,0
DA:255,0
DA:258,0
DA:258,0
DA:259,0
DA:259,0
DA:259,0
DA:259,0
DA:260,0
DA:260,0
BRDA:260,8,0,-
BRDA:260,8,1,-
DA:260,0
DA:262,0
DA:262,0
BRDA:262,9,0,-
BRDA:262,9,1,-
DA:262,0
DA:265,0
DA:265,0
DA:265,0
DA:265,0
DA:266,0
DA:266,0
DA:266,0
DA:266,0
BRDA:266,10,0,-
BRDA:266,10,1,-
DA:267,0
DA:267,0
DA:271,0
DA:271,0
DA:271,0
DA:271,0
DA:273,0
DA:273,0
DA:273,0
DA:273,0
BRDA:273,11,0,-
BRDA:273,11,1,-
DA:274,0
DA:274,0
DA:277,0
DA:277,0
DA:277,0
DA:277,0
BRDA:277,12,0,-
BRDA:277,12,1,-
DA:278,0
DA:278,0
FN:282,AuctionParamsUtils.validateRunes
FNDA:0,AuctionParamsUtils.validateRunes
DA:284,0
DA:284,0
BRDA:284,13,0,-
BRDA:284,13,1,-
DA:284,0
DA:287,0
DA:287,0
DA:287,0
DA:287,0
BRDA:287,14,0,-
BRDA:287,14,1,-
DA:287,0
DA:290,0
DA:290,0
DA:290,0
DA:290,0
DA:291,0
DA:291,0
BRDA:291,15,0,-
BRDA:291,15,1,-
DA:291,0
DA:302,0
DA:302,0
DA:302,0
DA:302,0
DA:302,0
DA:303,0
DA:303,0
DA:303,0
DA:303,0
DA:303,0
DA:304,0
DA:304,0
BRDA:304,16,0,-
BRDA:304,16,1,-
DA:304,0
FN:310,AuctionParamsUtils.validate
FNDA:0,AuctionParamsUtils.validate
DA:311,0
DA:311,0
DA:312,0
DA:312,0
DA:313,0
DA:313,0
DA:314,0
DA:314,0
DA:315,0
DA:315,0
DA:316,0
DA:316,0
FN:136,AuctionMutateUtils.addBidWindows
FNDA:0,AuctionMutateUtils.addBidWindows
DA:137,0
DA:137,0
DA:138,0
DA:138,0
DA:138,0
DA:138,0
DA:139,0
DA:139,0
DA:139,0
DA:140,0
DA:140,0
BRDA:140,0,0,-
BRDA:140,0,1,-
DA:141,0
DA:141,0
DA:143,0
DA:143,0
DA:143,0
DA:146,0
DA:146,0
DA:154,0
DA:154,0
FN:158,AuctionMutateUtils.addRewards
FNDA:0,AuctionMutateUtils.addRewards
DA:159,0
DA:159,0
DA:159,0
DA:159,0
DA:160,0
DA:160,0
DA:163,0
DA:163,0
DA:163,0
DA:163,0
DA:164,0
DA:164,0
FN:168,AuctionMutateUtils.addRunes
FNDA:0,AuctionMutateUtils.addRunes
DA:169,0
DA:169,0
BRDA:169,1,0,-
BRDA:169,1,1,-
DA:169,0
DA:172,0
DA:172,0
DA:174,0
DA:174,0
DA:174,0
DA:174,0
DA:175,0
DA:175,0
FN:179,AuctionMutateUtils._transferLotTokenTo
FNDA:0,AuctionMutateUtils._transferLotTokenTo
DA:180,0
DA:180,0
DA:180,0
BRDA:180,2,0,-
BRDA:180,2,1,-
DA:181,0
DA:181,0
DA:181,0
DA:182,0
DA:182,0
BRDA:182,3,0,-
BRDA:182,3,1,-
DA:182,0
DA:185,0
DA:185,0
FN:191,AuctionMutateUtils.transferLotTo
FNDA:0,AuctionMutateUtils.transferLotTo
DA:193,0
DA:193,0
DA:193,0
DA:193,0
DA:194,0
DA:194,0
DA:198,0
DA:198,0
DA:198,0
DA:198,0
DA:199,0
DA:199,0
FN:205,AuctionMutateUtils.transferLotFrom
FNDA:0,AuctionMutateUtils.transferLotFrom
DA:207,0
DA:207,0
DA:207,0
DA:207,0
DA:208,0
DA:208,0
DA:209,0
DA:209,0
DA:209,0
BRDA:209,4,0,-
BRDA:209,4,1,-
DA:210,0
DA:210,0
BRDA:210,5,0,-
BRDA:210,5,1,-
DA:210,0
DA:212,0
DA:212,0
DA:216,0
DA:216,0
DA:216,0
DA:216,0
DA:217,0
DA:217,0
FN:61,AuctionViewUtils.hasRunes
FNDA:0,AuctionViewUtils.hasRunes
DA:62,0
DA:62,0
DA:62,0
FN:65,AuctionViewUtils.activeWindow
FNDA:0,AuctionViewUtils.activeWindow
DA:70,0
DA:70,0
DA:70,0
DA:70,0
DA:71,0
DA:71,0
BRDA:71,0,0,-
BRDA:71,0,1,-
DA:71,0
DA:75,0
DA:75,0
DA:75,0
FN:81,AuctionViewUtils.getWindowNextBidBy
FNDA:0,AuctionViewUtils.getWindowNextBidBy
DA:82,0
DA:82,0
BRDA:82,1,0,-
BRDA:82,1,1,-
DA:82,0
DA:82,0
DA:87,0
DA:87,0
DA:88,0
DA:88,0
DA:88,0
FN:92,AuctionViewUtils.getNextBidBy
FNDA:0,AuctionViewUtils.getNextBidBy
DA:93,0
DA:93,0
DA:93,0
FN:96,AuctionViewUtils.isBiddingOpen
FNDA:0,AuctionViewUtils.isBiddingOpen
DA:98,0
BRDA:98,2,0,-
BRDA:98,2,1,-
DA:98,0
DA:101,0
DA:101,0
BRDA:101,3,0,-
BRDA:101,3,1,-
DA:101,0
DA:104,0
DA:104,0
DA:104,0
FN:106,AuctionViewUtils.validateBiddingOpen
FNDA:0,AuctionViewUtils.validateBiddingOpen
DA:107,0
DA:107,0
BRDA:107,4,0,-
BRDA:107,4,1,-
DA:108,0
DA:108,0
BRDA:108,5,0,-
BRDA:108,5,1,-
DA:108,0
DA:109,0
DA:109,0
FN:113,AuctionViewUtils.isEnded
FNDA:0,AuctionViewUtils.isEnded
DA:115,0
BRDA:115,6,0,-
BRDA:115,6,1,-
DA:115,0
DA:118,0
DA:118,0
BRDA:118,7,0,-
BRDA:118,7,1,-
DA:118,0
DA:121,0
DA:121,0
DA:121,0
FN:123,AuctionViewUtils.validateEnded
FNDA:0,AuctionViewUtils.validateEnded
DA:124,0
DA:124,0
BRDA:124,8,0,-
BRDA:124,8,1,-
DA:124,0
FN:127,AuctionViewUtils.validateWinner
FNDA:0,AuctionViewUtils.validateWinner
DA:128,0
DA:128,0
BRDA:128,9,0,-
BRDA:128,9,1,-
DA:129,0
DA:129,0
FN:43,GBMath.transformDec
FNDA:0,GBMath.transformDec
DA:44,0
DA:44,0
DA:44,0
DA:44,0
FN:46,GBMath.min
FNDA:0,GBMath.min
DA:47,0
DA:47,0
DA:47,0
FN:49,GBMath.max
FNDA:0,GBMath.max
DA:50,0
DA:50,0
DA:50,0
FN:52,GBMath.scaleByBP
FNDA:0,GBMath.scaleByBP
DA:53,0
DA:53,0
BRDA:53,0,0,-
BRDA:53,0,1,-
DA:53,0
DA:54,0
DA:54,0
DA:54,0
FNF:26
FNH:0
LF:93
LH:0
BRF:68
BRH:0
end_of_record
TN:
SF:src/Auctioneer.sol
FN:88,Auctioneer.link
FNDA:130,Auctioneer.link
DA:89,130
DA:89,130
DA:89,130
BRDA:89,0,0,-
BRDA:89,0,1,130
DA:89,0
DA:90,130
DA:90,130
DA:90,130
DA:90,130
BRDA:90,1,0,-
BRDA:90,1,1,130
DA:90,0
DA:92,130
DA:92,130
DA:94,130
DA:94,130
FN:110,Auctioneer.initializeBlast
FNDA:0,Auctioneer.initializeBlast
DA:111,0
DA:111,0
FN:114,Auctioneer.claimYieldAll
FNDA:0,Auctioneer.claimYieldAll
DA:115,0
DA:115,0
FN:118,Auctioneer.updateTreasury
FNDA:124,Auctioneer.updateTreasury
DA:119,123
DA:119,123
DA:119,123
BRDA:119,2,0,1
BRDA:119,2,1,122
DA:119,1
DA:121,122
DA:121,122
DA:122,122
DA:122,122
DA:123,122
DA:123,122
FN:126,Auctioneer.muteUser
FNDA:11,Auctioneer.muteUser
DA:127,10
DA:127,10
DA:128,10
DA:128,10
DA:129,10
DA:129,10
DA:131,10
DA:131,10
FN:134,Auctioneer.setCreateAuctionRequiresRole
FNDA:0,Auctioneer.setCreateAuctionRequiresRole
DA:135,0
DA:135,0
DA:137,0
DA:137,0
FN:140,Auctioneer.updateTreasuryCut
FNDA:4,Auctioneer.updateTreasuryCut
DA:141,3
DA:141,3
BRDA:141,3,0,1
BRDA:141,3,1,2
DA:141,1
DA:142,2
DA:142,2
DA:144,2
DA:144,2
FN:150,Auctioneer.createAuction
FNDA:436,Auctioneer.createAuction
DA:151,436
DA:151,436
DA:151,436
BRDA:151,4,0,1
BRDA:151,4,1,435
DA:151,1
DA:152,435
BRDA:152,5,0,435
BRDA:152,5,1,434
DA:153,435
DA:153,435
DA:156,434
DA:156,434
DA:158,434
DA:158,434
DA:158,911
DA:158,477
DA:159,477
DA:159,477
DA:159,477
BRDA:159,6,0,437
BRDA:159,6,1,477
DA:159,477
DA:160,437
DA:160,437
DA:163,434
DA:163,434
BRDA:163,7,0,-
BRDA:163,7,1,431
DA:164,433
DA:164,433
DA:165,431
DA:165,431
DA:168,432
DA:168,432
DA:170,414
DA:170,414
FN:173,Auctioneer.cancelAuction
FNDA:12,Auctioneer.cancelAuction
DA:174,12
DA:174,12
FN:177,Auctioneer.bid
FNDA:6439,Auctioneer.bid
DA:184,6439
DA:184,6439
DA:185,6391
DA:185,6391
FN:188,Auctioneer.bidWithPermit
FNDA:1,Auctioneer.bidWithPermit
DA:196,1
DA:196,1
DA:197,1
DA:197,1
FN:200,Auctioneer.selectRune
FNDA:1290,Auctioneer.selectRune
DA:201,1290
DA:201,1290
DA:202,1290
DA:202,1290
DA:204,1285
DA:204,1285
DA:205,1285
DA:205,1285
DA:207,1285
DA:207,1285
FN:217,Auctioneer.messageAuction
FNDA:6,Auctioneer.messageAuction
DA:218,6
BRDA:218,8,0,1
BRDA:218,8,1,5
DA:218,1
DA:220,5
DA:220,5
DA:222,3
DA:222,3
FN:225,Auctioneer.finalizeAuction
FNDA:9,Auctioneer.finalizeAuction
DA:226,9
DA:226,9
FN:229,Auctioneer.claimLot
FNDA:28,Auctioneer.claimLot
DA:230,28
DA:230,28
DA:232,28
BRDA:232,9,0,2
BRDA:232,9,1,26
DA:232,2
DA:233,26
DA:233,26
DA:235,26
DA:235,26
DA:240,26
DA:240,26
DA:242,20
DA:242,20
DA:243,20
DA:243,20
DA:244,20
DA:244,20
DA:246,20
BRDA:246,10,0,15
BRDA:246,10,1,20
DA:246,15
DA:248,20
DA:248,20
FN:251,Auctioneer.setAlias
FNDA:13,Auctioneer.setAlias
DA:252,13
BRDA:252,11,0,1
BRDA:252,11,1,12
DA:252,1
DA:253,12
DA:253,12
DA:253,12
DA:253,11
BRDA:253,12,0,2
BRDA:253,12,1,10
DA:253,2
DA:254,10
DA:254,10
DA:254,10
BRDA:254,13,0,2
BRDA:254,13,1,8
DA:254,2
DA:257,8
DA:257,8
DA:260,8
DA:260,8
DA:261,8
DA:261,8
DA:263,8
DA:263,8
FN:269,Auctioneer._cancelAuction
FNDA:14,Auctioneer._cancelAuction
DA:270,14
DA:270,14
DA:271,10
DA:271,10
FN:274,Auctioneer._bid
FNDA:6440,Auctioneer._bid
DA:281,6440
DA:281,6440
BRDA:281,14,0,-
BRDA:281,14,1,6440
DA:281,0
DA:283,6440
DA:283,6440
DA:285,6440
DA:285,6440
DA:285,6440
DA:297,6397
DA:297,6397
DA:298,6397
DA:298,6397
DA:299,6397
DA:299,6397
DA:301,6397
DA:301,6397
DA:303,6392
DA:303,6392
FN:316,Auctioneer._finalizeAuction
FNDA:24,Auctioneer._finalizeAuction
DA:317,24
DA:317,24
DA:317,24
DA:320,23
BRDA:320,15,0,2
BRDA:320,15,1,23
DA:321,2
DA:321,2
DA:324,23
DA:324,23
FN:327,Auctioneer._selfPermit
FNDA:1,Auctioneer._selfPermit
DA:328,1
DA:328,1
FN:338,Auctioneer._takeUserPayment
FNDA:6417,Auctioneer._takeUserPayment
DA:344,6417
DA:344,6417
BRDA:344,16,0,2
BRDA:344,16,1,6408
DA:345,6410
DA:345,6410
BRDA:345,17,0,2
BRDA:345,17,1,6408
DA:345,2
DA:347,7
DA:347,7
BRDA:347,18,0,1
BRDA:347,18,1,6
DA:347,1
DA:349,6414
DA:349,6414
BRDA:349,19,0,6
BRDA:349,19,1,6412
DA:350,6
DA:350,6
FN:354,Auctioneer._transferRevenue
FNDA:43,Auctioneer._transferRevenue
DA:355,43
DA:355,43
BRDA:355,20,0,40
BRDA:355,20,1,43
DA:355,43
DA:357,40
DA:357,40
DA:357,40
DA:359,40
DA:359,40
DA:359,40
DA:360,40
DA:360,40
BRDA:360,21,0,-
BRDA:360,21,1,40
DA:360,0
DA:362,40
DA:362,40
DA:363,40
DA:363,40
BRDA:363,22,0,-
BRDA:363,22,1,40
DA:363,0
FN:369,Auctioneer.getAliasAndRune
FNDA:37,Auctioneer.getAliasAndRune
DA:370,37
DA:370,37
DA:371,37
DA:371,37
FN:374,Auctioneer.getAuctionUser
FNDA:7,Auctioneer.getAuctionUser
DA:375,7
DA:375,7
FN:378,Auctioneer.getUserLotInfos
FNDA:2594,Auctioneer.getUserLotInfos
DA:379,2594
DA:379,2594
DA:381,2594
DA:381,2594
DA:382,2594
DA:382,2594
DA:382,5188
DA:382,2594
DA:383,2594
DA:383,2594
DA:384,2594
DA:384,2594
DA:384,2594
DA:385,2594
DA:385,2594
DA:385,2594
DA:386,2594
DA:386,2594
DA:387,2594
DA:387,2594
DA:387,2594
DA:388,2594
DA:388,2594
DA:388,2594
DA:390,2594
DA:390,2594
DA:391,2594
DA:391,2594
DA:394,2594
DA:394,2594
DA:395,2594
DA:395,2594
DA:396,2594
DA:396,2594
DA:399,2594
DA:399,2594
DA:402,2594
DA:402,2594
DA:405,2594
DA:405,2594
DA:405,2594
DA:406,2594
DA:406,2594
DA:406,2594
DA:410,2594
DA:410,2594
DA:410,2594
DA:410,2590
BRDA:410,23,0,-
BRDA:410,23,1,2590
DA:411,2590
DA:411,2590
DA:414,4
DA:414,4
DA:414,0
BRDA:414,24,0,-
BRDA:414,24,1,-
DA:415,0
DA:415,0
DA:417,4
DA:417,4
DA:420,2594
DA:420,2594
FN:424,Auctioneer.getUserParticipatedAuctions
FNDA:0,Auctioneer.getUserParticipatedAuctions
DA:425,0
DA:425,0
DA:425,0
DA:426,0
DA:426,0
DA:427,0
DA:427,0
DA:427,0
DA:427,0
DA:428,0
DA:428,0
FNF:26
FNH:22
LF:119
LH:110
BRF:50
BRH:41
end_of_record
TN:
SF:src/AuctioneerAuction.sol
FN:122,AuctioneerAuction.onERC721Received
FNDA:6,AuctioneerAuction.onERC721Received
DA:123,6
DA:123,6
FN:146,AuctioneerAuction.validateAuctionRunning
FNDA:5,AuctioneerAuction.validateAuctionRunning
DA:147,4
DA:147,4
BRDA:147,0,0,1
BRDA:147,0,1,3
DA:147,1
FN:153,AuctioneerAuction.initializeBlast
FNDA:0,AuctioneerAuction.initializeBlast
DA:154,0
DA:154,0
FN:157,AuctioneerAuction.claimYieldAll
FNDA:0,AuctioneerAuction.claimYieldAll
DA:158,0
DA:158,0
FN:161,AuctioneerAuction.updateTreasury
FNDA:122,AuctioneerAuction.updateTreasury
DA:162,122
DA:162,122
FN:165,AuctioneerAuction.updateRuneSwitchPenalty
FNDA:1284,AuctioneerAuction.updateRuneSwitchPenalty
DA:166,1284
DA:166,1284
BRDA:166,1,0,1
BRDA:166,1,1,1283
DA:166,1
DA:168,1283
DA:168,1283
DA:169,1283
DA:169,1283
FN:172,AuctioneerAuction.updateRunicLastBidderBonus
FNDA:3,AuctioneerAuction.updateRunicLastBidderBonus
DA:173,3
DA:173,3
BRDA:173,2,0,1
BRDA:173,2,1,2
DA:173,1
DA:175,2
DA:175,2
DA:176,2
DA:176,2
FN:182,AuctioneerAuction.createAuction
FNDA:432,AuctioneerAuction.createAuction
DA:187,432
DA:187,432
DA:189,414
DA:189,414
DA:190,414
DA:190,414
DA:190,414
DA:192,414
DA:192,414
DA:194,414
DA:194,414
DA:195,414
DA:195,414
DA:196,414
DA:196,414
DA:197,414
DA:197,414
DA:198,414
DA:198,414
DA:199,414
DA:199,414
DA:200,414
DA:200,414
DA:202,414
DA:202,414
DA:204,414
DA:204,414
DA:205,414
DA:205,414
DA:207,414
DA:207,414
DA:208,414
DA:208,414
DA:210,414
DA:210,414
DA:211,414
DA:211,414
DA:212,414
DA:212,414
DA:213,414
DA:213,414
DA:214,414
DA:214,414
DA:215,414
DA:215,414
DA:216,414
DA:216,414
DA:218,414
DA:218,414
FN:221,AuctioneerAuction.cancelAuction
FNDA:14,AuctioneerAuction.cancelAuction
DA:226,13
DA:226,13
DA:228,13
DA:228,13
DA:228,13
DA:228,11
BRDA:228,3,0,1
BRDA:228,3,1,12
DA:228,1
DA:229,12
DA:229,12
DA:229,12
BRDA:229,4,0,2
BRDA:229,4,1,10
DA:229,2
DA:231,10
DA:231,10
DA:233,10
DA:233,10
FN:236,AuctioneerAuction.bid
FNDA:6440,AuctioneerAuction.bid
DA:246,6404
DA:246,6404
DA:248,6404
DA:248,6404
DA:250,6397
DA:250,6397
DA:251,6397
DA:251,6397
DA:252,6397
DA:252,6397
DA:253,6397
DA:253,6397
DA:254,6397
DA:254,6397
DA:256,6397
DA:256,6397
BRDA:256,5,0,6390
BRDA:256,5,1,6397
DA:257,6390
DA:257,6390
DA:260,6397
DA:260,6397
BRDA:260,6,0,-
BRDA:260,6,1,6184
DA:261,6184
DA:261,6184
DA:262,6184
DA:262,6184
DA:265,6397
DA:265,6397
DA:266,6397
DA:266,6397
DA:267,6397
DA:267,6397
FN:270,AuctioneerAuction.selectRune
FNDA:1290,AuctioneerAuction.selectRune
DA:276,1287
DA:276,1287
BRDA:276,7,0,1
BRDA:276,7,1,1286
DA:276,1
DA:277,1286
DA:277,1286
BRDA:277,8,0,1
BRDA:277,8,1,1285
DA:277,1
DA:279,1285
DA:279,1285
FN:282,AuctioneerAuction.claimLot
FNDA:26,AuctioneerAuction.claimLot
DA:293,26
DA:293,26
DA:295,26
DA:295,26
DA:296,22
DA:296,22
DA:298,20
DA:298,20
DA:298,20
DA:299,20
DA:299,20
DA:299,20
DA:300,20
DA:300,20
DA:302,20
BRDA:302,9,0,-
BRDA:302,9,1,9
DA:303,9
DA:303,9
DA:303,9
DA:307,9
DA:307,9
DA:312,20
DA:312,20
DA:314,20
DA:314,20
DA:315,20
DA:315,20
DA:316,20
DA:316,20
DA:317,20
DA:317,20
FN:320,AuctioneerAuction.finalizeAuction
FNDA:24,AuctioneerAuction.finalizeAuction
DA:328,24
BRDA:328,10,0,1
BRDA:328,10,1,23
DA:328,1
DA:330,23
DA:330,23
DA:331,23
DA:331,23
DA:334,22
DA:334,22
BRDA:334,11,0,2
BRDA:334,11,1,20
DA:334,2
DA:336,20
DA:336,20
DA:338,20
DA:338,20
DA:339,20
DA:339,20
DA:340,20
DA:340,20
DA:341,20
DA:341,20
DA:343,20
DA:343,20
FN:346,AuctioneerAuction._switchRuneUpdateData
FNDA:7682,AuctioneerAuction._switchRuneUpdateData
DA:352,7682
DA:352,7682
BRDA:352,12,0,5717
BRDA:352,12,1,1965
DA:352,5717
DA:353,1965
DA:353,1965
BRDA:353,13,0,173
BRDA:353,13,1,1792
DA:353,173
DA:355,1792
DA:355,1792
DA:357,1792
DA:357,1792
DA:358,1792
DA:358,1792
DA:359,1792
DA:359,1792
BRDA:359,14,0,-
BRDA:359,14,1,1792
DA:360,1792
DA:360,1792
FN:367,AuctioneerAuction.getAuction
FNDA:5826,AuctioneerAuction.getAuction
DA:368,5826
DA:368,5826
FN:393,AuctioneerAuction.getAuctionExt
FNDA:0,AuctioneerAuction.getAuctionExt
DA:396,0
DA:396,0
DA:397,0
DA:397,0
FN:406,AuctioneerAuction.getAuctionExts
FNDA:0,AuctioneerAuction.getAuctionExts
DA:409,0
DA:409,0
DA:410,0
DA:410,0
DA:412,0
DA:412,0
DA:413,0
DA:413,0
DA:413,0
DA:413,0
DA:414,0
DA:414,0
DA:415,0
DA:415,0
DA:416,0
DA:416,0
FNF:17
FNH:13
LF:99
LH:88
BRF:30
BRH:27
end_of_record
TN:
SF:src/BasicERC1155.sol
FN:41,BasicERC1155.setContractURI
FNDA:0,BasicERC1155.setContractURI
DA:42,0
DA:42,0
FN:45,BasicERC1155.setURI
FNDA:0,BasicERC1155.setURI
DA:46,0
DA:46,0
FN:49,BasicERC1155.pause
FNDA:0,BasicERC1155.pause
DA:50,0
DA:50,0
FN:53,BasicERC1155.unpause
FNDA:0,BasicERC1155.unpause
DA:54,0
DA:54,0
FN:57,BasicERC1155.mint
FNDA:0,BasicERC1155.mint
DA:62,0
DA:62,0
FN:65,BasicERC1155.mintBatch
FNDA:0,BasicERC1155.mintBatch
DA:70,0
DA:70,0
FN:73,BasicERC1155.contractURI
FNDA:0,BasicERC1155.contractURI
DA:74,0
DA:74,0
FN:81,BasicERC1155.uri
FNDA:0,BasicERC1155.uri
DA:82,0
DA:82,0
DA:83,0
DA:83,0
FN:90,BasicERC1155._update
FNDA:0,BasicERC1155._update
DA:96,0
DA:96,0
FNF:9
FNH:0
LF:10
LH:0
BRF:0
BRH:0
end_of_record
TN:
SF:src/BasicERC20.sol
FN:14,BasicERC20.pause
FNDA:0,BasicERC20.pause
DA:15,0
DA:15,0
FN:18,BasicERC20.unpause
FNDA:0,BasicERC20.unpause
DA:19,0
DA:19,0
FN:22,BasicERC20.mint
FNDA:808,BasicERC20.mint
DA:23,808
DA:23,808
FN:26,BasicERC20._update
FNDA:850,BasicERC20._update
DA:27,850
DA:27,850
FN:41,BasicERC20WithDecimals.decimals
FNDA:0,BasicERC20WithDecimals.decimals
DA:42,0
DA:42,0
FN:45,BasicERC20WithDecimals.pause
FNDA:0,BasicERC20WithDecimals.pause
DA:46,0
DA:46,0
FN:49,BasicERC20WithDecimals.unpause
FNDA:0,BasicERC20WithDecimals.unpause
DA:50,0
DA:50,0
FN:53,BasicERC20WithDecimals.mint
FNDA:0,BasicERC20WithDecimals.mint
DA:54,0
DA:54,0
FN:57,BasicERC20WithDecimals._update
FNDA:0,BasicERC20WithDecimals._update
DA:58,0
DA:58,0
FNF:9
FNH:2
LF:9
LH:2
BRF:0
BRH:0
end_of_record
TN:
SF:src/BasicERC721.sol
FN:32,BasicERC721.safeMint
FNDA:1032,BasicERC721.safeMint
DA:34,1032
DA:34,1032
DA:36,1032
DA:36,1032
FN:39,BasicERC721.pause
FNDA:0,BasicERC721.pause
DA:40,0
DA:40,0
FN:43,BasicERC721.unpause
FNDA:0,BasicERC721.unpause
DA:44,0
DA:44,0
FN:47,BasicERC721.setBaseURI
FNDA:0,BasicERC721.setBaseURI
DA:48,0
DA:48,0
FN:51,BasicERC721.setContractURI
FNDA:0,BasicERC721.setContractURI
DA:52,0
DA:52,0
FN:55,BasicERC721._baseURI
FNDA:0,BasicERC721._baseURI
DA:56,0
DA:56,0
FN:59,BasicERC721.contractURI
FNDA:0,BasicERC721.contractURI
DA:60,0
DA:60,0
FN:67,BasicERC721.tokenURI
FNDA:0,BasicERC721.tokenURI
DA:68,0
DA:68,0
DA:68,0
DA:68,0
BRDA:68,0,0,-
BRDA:68,0,1,-
DA:68,0
DA:70,0
DA:70,0
DA:70,0
FN:73,BasicERC721._update
FNDA:1042,BasicERC721._update
DA:78,1042
DA:78,1042
DA:78,1042
FN:81,BasicERC721._increaseBalance
FNDA:0,BasicERC721._increaseBalance
DA:82,0
DA:82,0
FN:85,BasicERC721.supportsInterface
FNDA:0,BasicERC721.supportsInterface
DA:86,0
DA:86,0
DA:86,0
FNF:11
FNH:2
LF:13
LH:3
BRF:2
BRH:0
end_of_record
TN:
SF:src/BlastYield.sol
FN:70,BlastYield._initializeBlast
FNDA:0,BlastYield._initializeBlast
DA:71,0
DA:71,0
DA:72,0
DA:72,0
DA:73,0
DA:73,0
FN:76,BlastYield._claimYieldAll
FNDA:0,BlastYield._claimYieldAll
DA:77,0
DA:77,0
DA:77,0
DA:79,0
DA:79,0
DA:79,0
DA:83,0
DA:83,0
FNF:2
FNH:0
LF:6
LH:0
BRF:0
BRH:0
end_of_record
TN:
SF:src/ClaimableAirdrop.sol
FN:43,ClaimableAirdropMerkle.createAirdrop
FNDA:0,ClaimableAirdropMerkle.createAirdrop
DA:49,0
DA:49,0
DA:51,0
DA:51,0
DA:61,0
DA:61,0
DA:63,0
DA:63,0
FN:66,ClaimableAirdropMerkle.closeAirdrop
FNDA:0,ClaimableAirdropMerkle.closeAirdrop
DA:67,0
DA:67,0
BRDA:67,0,0,-
BRDA:67,0,1,-
DA:67,0
DA:69,0
DA:69,0
DA:70,0
DA:70,0
FN:73,ClaimableAirdropMerkle.claim
FNDA:0,ClaimableAirdropMerkle.claim
DA:74,0
DA:74,0
BRDA:74,1,0,-
BRDA:74,1,1,-
DA:74,0
DA:76,0
BRDA:76,2,0,-
BRDA:76,2,1,-
DA:76,0
DA:78,0
DA:78,0
DA:79,0
DA:79,0
DA:79,0
BRDA:79,3,0,-
BRDA:79,3,1,-
DA:79,0
DA:82,0
DA:82,0
DA:82,0
DA:83,0
DA:83,0
DA:83,0
DA:84,0
DA:84,0
BRDA:84,4,0,-
BRDA:84,4,1,-
DA:84,0
DA:87,0
DA:87,0
DA:90,0
DA:90,0
DA:93,0
DA:93,0
DA:96,0
DA:96,0
FN:99,ClaimableAirdropMerkle._transfer
FNDA:0,ClaimableAirdropMerkle._transfer
DA:100,0
DA:100,0
FN:132,ClaimableAirdropIndividual.addUsers
FNDA:4,ClaimableAirdropIndividual.addUsers
DA:133,3
DA:133,3
BRDA:133,0,0,-
BRDA:133,0,1,3
DA:133,0
DA:135,3
DA:135,3
DA:135,9
DA:135,6
DA:136,6
DA:136,6
DA:139,3
DA:139,3
FN:142,ClaimableAirdropIndividual.closeAirdrop
FNDA:5,ClaimableAirdropIndividual.closeAirdrop
DA:143,4
DA:143,4
DA:144,4
DA:144,4
FN:147,ClaimableAirdropIndividual.claim
FNDA:7,ClaimableAirdropIndividual.claim
DA:148,7
DA:148,7
BRDA:148,1,0,1
BRDA:148,1,1,6
DA:148,1
DA:149,6
BRDA:149,2,0,1
BRDA:149,2,1,5
DA:149,1
DA:150,5
DA:150,5
BRDA:150,3,0,1
BRDA:150,3,1,4
DA:150,1
DA:152,4
DA:152,4
DA:152,4
DA:154,4
DA:154,4
BRDA:154,4,0,1
BRDA:154,4,1,3
DA:154,1
DA:155,3
DA:155,3
BRDA:155,5,0,1
BRDA:155,5,1,2
DA:155,1
DA:157,2
DA:157,2
DA:159,2
DA:159,2
DA:161,2
DA:161,2
FN:164,ClaimableAirdropIndividual._transfer
FNDA:2,ClaimableAirdropIndividual._transfer
DA:165,2
DA:165,2
FN:168,ClaimableAirdropIndividual.getClaimable
FNDA:8,ClaimableAirdropIndividual.getClaimable
DA:169,8
DA:169,8
FNF:9
FNH:5
LF:36
LH:17
BRF:22
BRH:11
end_of_record
TN:
SF:src/GoingBlastAirdrop.sol
FN:36,GoingBlastAirdrop.close
FNDA:0,GoingBlastAirdrop.close
DA:37,0
DA:37,0
DA:38,0
DA:38,0
FN:41,GoingBlastAirdrop.addUserAirdrops
FNDA:0,GoingBlastAirdrop.addUserAirdrops
DA:42,0
DA:42,0
BRDA:42,0,0,-
BRDA:42,0,1,-
DA:42,0
DA:43,0
DA:43,0
DA:43,0
DA:43,0
DA:44,0
DA:44,0
FN:48,GoingBlastAirdrop.claim
FNDA:0,GoingBlastAirdrop.claim
DA:49,0
DA:49,0
DA:50,0
DA:50,0
DA:51,0
DA:51,0
FN:54,GoingBlastAirdrop.verifyClaim
FNDA:0,GoingBlastAirdrop.verifyClaim
DA:55,0
DA:55,0
DA:57,0
DA:57,0
BRDA:57,1,0,-
BRDA:57,1,1,-
DA:57,0
DA:58,0
DA:58,0
BRDA:58,2,0,-
BRDA:58,2,1,-
DA:58,0
DA:59,0
DA:59,0
DA:59,0
DA:59,0
BRDA:59,3,0,-
BRDA:59,3,1,-
DA:59,0
DA:60,0
BRDA:60,4,0,-
BRDA:60,4,1,-
DA:60,0
FN:63,GoingBlastAirdrop._transferClaimedTokens
FNDA:0,GoingBlastAirdrop._transferClaimedTokens
DA:64,0
DA:64,0
DA:65,0
DA:65,0
DA:66,0
DA:66,0
FN:69,GoingBlastAirdrop.claimable
FNDA:0,GoingBlastAirdrop.claimable
DA:70,0
DA:70,0
FNF:6
FNH:0
LF:17
LH:0
BRF:10
BRH:0
end_of_record
TN:
SF:src/VoucherToken.sol
FN:12,VoucherToken.mint
FNDA:7,VoucherToken.mint
DA:13,7
DA:13,7
FNF:1
FNH:1
LF:1
LH:1
BRF:0
BRH:0
end_of_record
TN:
SF:src/WETH9.sol
FN:21,WETH9.pause
FNDA:0,WETH9.pause
DA:22,0
DA:22,0
FN:25,WETH9.unpause
FNDA:0,WETH9.unpause
DA:26,0
DA:26,0
FN:29,WETH9.mint
FNDA:0,WETH9.mint
DA:30,0
DA:30,0
FN:33,WETH9._update
FNDA:1096,WETH9._update
DA:34,1096
DA:34,1096
FN:37,WETH9.deposit
FNDA:232,WETH9.deposit
DA:38,232
DA:38,232
DA:39,232
DA:39,232
FN:42,WETH9.withdraw
FNDA:431,WETH9.withdraw
DA:43,431
DA:43,431
BRDA:43,0,0,-
BRDA:43,0,1,431
DA:44,431
DA:44,431
DA:45,431
DA:45,431
DA:46,431
DA:46,431
FNF:6
FNH:3
LF:10
LH:7
BRF:2
BRH:1
end_of_record
TN:
SF:test/Auctioneer.base.t.sol
FN:63,AuctioneerHelper.setLabels
FNDA:0,AuctioneerHelper.setLabels
DA:64,0
DA:64,0
DA:65,0
DA:65,0
DA:66,0
DA:66,0
DA:67,0
DA:67,0
DA:68,0
DA:68,0
DA:69,0
DA:69,0
DA:70,0
DA:70,0
DA:71,0
DA:71,0
DA:72,0
DA:72,0
DA:73,0
DA:73,0
DA:74,0
DA:74,0
DA:75,0
DA:75,0
DA:76,0
DA:76,0
DA:77,0
DA:77,0
DA:78,0
DA:78,0
DA:79,0
DA:79,0
DA:80,0
DA:80,0
DA:81,0
DA:81,0
DA:82,0
DA:82,0
DA:83,0
DA:83,0
DA:84,0
DA:84,0
DA:85,0
DA:85,0
DA:86,0
DA:86,0
FN:89,AuctioneerHelper.setUp
FNDA:0,AuctioneerHelper.setUp
DA:90,0
DA:90,0
DA:90,0
DA:91,0
DA:91,0
DA:91,0
DA:92,0
DA:92,0
DA:93,0
DA:93,0
DA:94,0
DA:94,0
DA:95,0
DA:95,0
DA:96,0
DA:96,0
DA:98,0
DA:98,0
DA:99,0
DA:99,0
DA:100,0
DA:100,0
DA:101,0
DA:101,0
DA:103,0
DA:103,0
DA:105,0
DA:105,0
DA:107,0
DA:107,0
FN:112,AuctioneerHelper._createAndLinkAuctioneers
FNDA:0,AuctioneerHelper._createAndLinkAuctioneers
DA:113,0
DA:113,0
DA:114,0
DA:114,0
DA:116,0
DA:116,0
FN:119,AuctioneerHelper._setupAuctioneerTreasury
FNDA:0,AuctioneerHelper._setupAuctioneerTreasury
DA:120,0
DA:120,0
DA:121,0
DA:121,0
DA:122,0
DA:122,0
DA:123,0
DA:123,0
FN:126,AuctioneerHelper._setupAuctioneerCreator
FNDA:0,AuctioneerHelper._setupAuctioneerCreator
DA:127,0
DA:127,0
DA:129,0
DA:129,0
DA:130,0
DA:130,0
DA:131,0
DA:131,0
DA:132,0
DA:132,0
FN:135,AuctioneerHelper._giveUsersTokensAndApprove
FNDA:0,AuctioneerHelper._giveUsersTokensAndApprove
DA:136,0
DA:136,0
DA:136,0
DA:136,0
DA:137,0
DA:137,0
DA:138,0
DA:138,0
FN:142,AuctioneerHelper._createDefaultDay1Auction
FNDA:0,AuctioneerHelper._createDefaultDay1Auction
DA:143,0
DA:143,0
FN:148,AuctioneerHelper._giveETH
FNDA:0,AuctioneerHelper._giveETH
DA:149,0
DA:149,0
FN:151,AuctioneerHelper._giveWETH
FNDA:0,AuctioneerHelper._giveWETH
DA:152,0
DA:152,0
DA:153,0
DA:153,0
DA:154,0
DA:154,0
FN:157,AuctioneerHelper._approveWeth
FNDA:0,AuctioneerHelper._approveWeth
DA:158,0
DA:158,0
DA:159,0
DA:159,0
FN:162,AuctioneerHelper._giveVoucher
FNDA:0,AuctioneerHelper._giveVoucher
DA:163,0
DA:163,0
FN:165,AuctioneerHelper._approveVoucher
FNDA:0,AuctioneerHelper._approveVoucher
DA:166,0
DA:166,0
DA:167,0
DA:167,0
FN:172,AuctioneerHelper._createAndMintNFTs
FNDA:0,AuctioneerHelper._createAndMintNFTs
DA:174,0
DA:174,0
DA:175,0
DA:175,0
DA:178,0
DA:178,0
DA:179,0
DA:179,0
DA:180,0
DA:180,0
DA:181,0
DA:181,0
DA:184,0
DA:184,0
DA:185,0
DA:185,0
DA:186,0
DA:186,0
DA:187,0
DA:187,0
FN:190,AuctioneerHelper._creatorApproveNFTs
FNDA:0,AuctioneerHelper._creatorApproveNFTs
DA:191,0
DA:191,0
DA:194,0
DA:194,0
DA:195,0
DA:195,0
DA:196,0
DA:196,0
DA:197,0
DA:197,0
DA:200,0
DA:200,0
DA:201,0
DA:201,0
DA:202,0
DA:202,0
DA:203,0
DA:203,0
DA:205,0
DA:205,0
FN:209,AuctioneerHelper.e
FNDA:0,AuctioneerHelper.e
DA:210,0
DA:210,0
DA:210,0
DA:210,0
FN:213,AuctioneerHelper._warpToUnlockTimestamp
FNDA:0,AuctioneerHelper._warpToUnlockTimestamp
DA:214,0
DA:214,0
FN:216,AuctioneerHelper._warpToAuctionEndTimestamp
FNDA:0,AuctioneerHelper._warpToAuctionEndTimestamp
DA:217,0
DA:217,0
FN:220,AuctioneerHelper._getNextDay2PMTimestamp
FNDA:0,AuctioneerHelper._getNextDay2PMTimestamp
DA:221,0
DA:221,0
DA:221,0
DA:221,0
FN:223,AuctioneerHelper._getDayInFuture2PMTimestamp
FNDA:0,AuctioneerHelper._getDayInFuture2PMTimestamp
DA:224,0
DA:224,0
DA:224,0
DA:224,0
FN:227,AuctioneerHelper._getBaseAuctionParams
FNDA:0,AuctioneerHelper._getBaseAuctionParams
DA:228,0
DA:228,0
DA:228,0
DA:229,0
DA:229,0
DA:230,0
DA:230,0
DA:232,0
DA:232,0
DA:232,0
DA:233,0
DA:233,0
DA:234,0
DA:234,0
DA:235,0
DA:235,0
DA:237,0
DA:237,0
FN:250,AuctioneerHelper._getERC20SingleAuctionParams
FNDA:0,AuctioneerHelper._getERC20SingleAuctionParams
DA:251,0
DA:251,0
DA:251,0
DA:252,0
DA:252,0
DA:254,0
DA:254,0
DA:254,0
DA:255,0
DA:255,0
DA:256,0
DA:256,0
DA:257,0
DA:257,0
DA:259,0
DA:259,0
FN:272,AuctioneerHelper._getNftAuctionParams
FNDA:0,AuctioneerHelper._getNftAuctionParams
DA:273,0
DA:273,0
DA:276,0
DA:276,0
DA:277,0
DA:277,0
DA:278,0
DA:278,0
FN:281,AuctioneerHelper._getRunesAuctionParams
FNDA:0,AuctioneerHelper._getRunesAuctionParams
DA:282,0
DA:282,0
DA:285,0
DA:285,0
DA:286,0
DA:286,0
DA:286,0
DA:286,0
DA:287,0
DA:287,0
FN:291,AuctioneerHelper._giveCreatorXXandYYandApprove
FNDA:0,AuctioneerHelper._giveCreatorXXandYYandApprove
DA:292,0
DA:292,0
DA:293,0
DA:293,0
DA:295,0
DA:295,0
DA:296,0
DA:296,0
DA:297,0
DA:297,0
DA:298,0
DA:298,0
FN:301,AuctioneerHelper._getMultiTokenSingleAuctionParams
FNDA:0,AuctioneerHelper._getMultiTokenSingleAuctionParams
DA:302,0
DA:302,0
DA:302,0
DA:303,0
DA:303,0
DA:304,0
DA:304,0
DA:305,0
DA:305,0
DA:307,0
DA:307,0
DA:307,0
DA:308,0
DA:308,0
DA:309,0
DA:309,0
DA:310,0
DA:310,0
DA:312,0
DA:312,0
FN:325,AuctioneerHelper._createAuction
FNDA:0,AuctioneerHelper._createAuction
DA:326,0
DA:326,0
DA:327,0
DA:327,0
DA:327,0
FN:330,AuctioneerHelper._cancelAuction
FNDA:0,AuctioneerHelper._cancelAuction
DA:331,0
DA:331,0
DA:332,0
DA:332,0
FN:335,AuctioneerHelper._createBaseAuctionOnDay
FNDA:0,AuctioneerHelper._createBaseAuctionOnDay
DA:336,0
DA:336,0
DA:336,0
DA:338,0
DA:338,0
DA:338,0
DA:339,0
DA:339,0
DA:341,0
DA:341,0
FN:344,AuctioneerHelper._createDailyAuctionWithRunes
FNDA:0,AuctioneerHelper._createDailyAuctionWithRunes
DA:345,0
DA:345,0
DA:345,0
DA:346,0
DA:346,0
DA:347,0
DA:347,0
DA:349,0
BRDA:349,0,0,-
BRDA:349,0,1,-
DA:350,0
DA:350,0
FN:368,AuctioneerHelper._expectRevertNotAdmin
FNDA:0,AuctioneerHelper._expectRevertNotAdmin
DA:369,0
DA:369,0
FN:371,AuctioneerHelper._expectRevertNotModerator
FNDA:0,AuctioneerHelper._expectRevertNotModerator
DA:372,0
DA:372,0
FN:374,AuctioneerHelper._expectRevertNotCreator
FNDA:0,AuctioneerHelper._expectRevertNotCreator
DA:375,0
DA:375,0
FN:382,AuctioneerHelper._prepExpectETHBalChange
FNDA:0,AuctioneerHelper._prepExpectETHBalChange
DA:383,0
DA:383,0
FN:385,AuctioneerHelper._expectETHBalChange
FNDA:0,AuctioneerHelper._expectETHBalChange
DA:386,0
DA:386,0
FN:388,AuctioneerHelper._expectETHBalChange
FNDA:0,AuctioneerHelper._expectETHBalChange
DA:389,0
DA:389,0
FN:396,AuctioneerHelper._prepExpectETHTransfer
FNDA:0,AuctioneerHelper._prepExpectETHTransfer
DA:397,0
DA:397,0
DA:398,0
DA:398,0
FN:400,AuctioneerHelper._expectETHTransfer
FNDA:0,AuctioneerHelper._expectETHTransfer
DA:401,0
DA:401,0
DA:402,0
DA:402,0
FN:405,AuctioneerHelper._expectTokenTransfer
FNDA:0,AuctioneerHelper._expectTokenTransfer
DA:406,0
DA:406,0
DA:407,0
DA:407,0
FN:412,AuctioneerHelper._bidShouldRevert_AuctionEnded
FNDA:0,AuctioneerHelper._bidShouldRevert_AuctionEnded
DA:413,0
DA:413,0
DA:414,0
DA:414,0
FN:416,AuctioneerHelper._bidShouldRevert_AuctionNotYetOpen
FNDA:0,AuctioneerHelper._bidShouldRevert_AuctionNotYetOpen
DA:417,0
DA:417,0
DA:418,0
DA:418,0
FN:420,AuctioneerHelper._bidShouldEmit
FNDA:0,AuctioneerHelper._bidShouldEmit
DA:421,0
DA:421,0
DA:422,0
DA:422,0
FN:425,AuctioneerHelper._expectEmitAuctionEvent_Message
FNDA:0,AuctioneerHelper._expectEmitAuctionEvent_Message
DA:426,0
DA:426,0
DA:426,0
DA:427,0
DA:427,0
DA:428,0
DA:428,0
FN:430,AuctioneerHelper._expectEmitAuctionEvent_Claim
FNDA:0,AuctioneerHelper._expectEmitAuctionEvent_Claim
DA:431,0
DA:431,0
DA:431,0
DA:432,0
DA:432,0
DA:433,0
DA:433,0
FN:435,AuctioneerHelper._expectEmitAuctionEvent_SwitchRune
FNDA:0,AuctioneerHelper._expectEmitAuctionEvent_SwitchRune
DA:441,0
DA:441,0
DA:441,0
DA:442,0
DA:442,0
DA:443,0
DA:443,0
FN:445,AuctioneerHelper._expectEmitAuctionEvent_Bid
FNDA:0,AuctioneerHelper._expectEmitAuctionEvent_Bid
DA:452,0
DA:452,0
DA:452,0
DA:453,0
DA:453,0
DA:453,0
DA:455,0
DA:455,0
DA:456,0
DA:456,0
FN:459,AuctioneerHelper._bidWithOptions
FNDA:0,AuctioneerHelper._bidWithOptions
DA:467,0
DA:467,0
DA:468,0
DA:468,0
DA:468,0
DA:469,0
DA:469,0
DA:470,0
DA:470,0
FN:472,AuctioneerHelper._bidWithOptionsNoDeal
FNDA:0,AuctioneerHelper._bidWithOptionsNoDeal
DA:480,0
DA:480,0
DA:481,0
DA:481,0
DA:481,0
DA:482,0
DA:482,0
FN:484,AuctioneerHelper._bid
FNDA:0,AuctioneerHelper._bid
DA:485,0
DA:485,0
FN:487,AuctioneerHelper._bidOnLot
FNDA:0,AuctioneerHelper._bidOnLot
DA:488,0
DA:488,0
FN:490,AuctioneerHelper._multibid
FNDA:0,AuctioneerHelper._multibid
DA:491,0
DA:491,0
FN:493,AuctioneerHelper._multibidLot
FNDA:0,AuctioneerHelper._multibidLot
DA:494,0
DA:494,0
FN:496,AuctioneerHelper._bidUntil
FNDA:0,AuctioneerHelper._bidUntil
DA:498,0
DA:498,0
BRDA:498,1,0,-
BRDA:498,1,1,-
DA:498,0
DA:499,0
DA:499,0
DA:500,0
DA:500,0
FN:503,AuctioneerHelper._bidWithRune
FNDA:0,AuctioneerHelper._bidWithRune
DA:504,0
DA:504,0
FN:507,AuctioneerHelper._multibidWithRune
FNDA:0,AuctioneerHelper._multibidWithRune
DA:508,0
DA:508,0
FN:512,AuctioneerHelper._setUserAlias
FNDA:0,AuctioneerHelper._setUserAlias
DA:513,0
DA:513,0
DA:514,0
DA:514,0
FN:518,AuctioneerHelper.getUserLotInfo
FNDA:0,AuctioneerHelper.getUserLotInfo
DA:519,0
DA:519,0
DA:519,0
DA:520,0
DA:520,0
DA:521,0
DA:521,0
FN:525,AuctioneerHelper._getBidsAfterRuneSwitchPenalty
FNDA:0,AuctioneerHelper._getBidsAfterRuneSwitchPenalty
DA:526,0
DA:526,0
DA:526,0
FN:528,AuctioneerHelper._getBidsAfterRuneSwitchPenalty
FNDA:0,AuctioneerHelper._getBidsAfterRuneSwitchPenalty
DA:529,0
DA:529,0
BRDA:529,2,0,-
BRDA:529,2,1,-
DA:529,0
DA:530,0
DA:530,0
DA:530,0
FNF:58
FNH:0
LF:193
LH:0
BRF:6
BRH:0
end_of_record
TN:
SF:test/Auctioneer.permit.t.sol
FN:23,SigUtils.getStructHash
FNDA:1,SigUtils.getStructHash
DA:24,1
DA:24,1
DA:25,1
DA:25,1
FN:38,SigUtils.getTypedDataHash
FNDA:1,SigUtils.getTypedDataHash
DA:39,1
DA:39,1
DA:39,1
FNF:2
FNH:2
LF:3
LH:3
BRF:0
BRH:0
end_of_record
TN:
SF:test/AuctioneerHarness.sol
FN:22,AuctioneerAuctionHarness.exposed_auction_activeWindow
FNDA:9,AuctioneerAuctionHarness.exposed_auction_activeWindow
DA:23,9
DA:23,9
DA:23,9
FN:25,AuctioneerAuctionHarness.exposed_auction_isBiddingOpen
FNDA:213,AuctioneerAuctionHarness.exposed_auction_isBiddingOpen
DA:26,213
DA:26,213
DA:26,213
FN:28,AuctioneerAuctionHarness.exposed_auction_isEnded
FNDA:214,AuctioneerAuctionHarness.exposed_auction_isEnded
DA:29,214
DA:29,214
DA:29,214
FN:31,AuctioneerAuctionHarness.exposed_auction_hasRunes
FNDA:3,AuctioneerAuctionHarness.exposed_auction_hasRunes
DA:32,3
DA:32,3
DA:32,3
FNF:4
FNH:4
LF:4
LH:4
BRF:0
BRH:0
end_of_record
